#
# A fatal error has been detected by the Java Runtime Environment:
#
#  EXCEPTION_ACCESS_VIOLATION (0xc0000005) at pc=0x00007ffcbc4aa680, pid=9012, tid=14680
#
# JRE version: OpenJDK Runtime Environment Temurin-25.0.2+10 (25.0.2+10) (build 25.0.2+10-LTS)
# Java VM: OpenJDK 64-Bit Server VM Temurin-25.0.2+10 (25.0.2+10-LTS, mixed mode, sharing, tiered, compressed oops, compressed class ptrs, parallel gc, windows-amd64)
# Problematic frame:
# V  [jvm.dll+0x69a680]
#
# No core dump will be written. Minidumps are not enabled by default on client versions of Windows
#
# If you would like to submit a bug report, please visit:
#   https://github.com/adoptium/adoptium-support/issues
#

---------------  S U M M A R Y ------------

Command Line: -Djdk.xml.maxGeneralEntitySizeLimit=0 -Djdk.xml.totalEntitySizeLimit=0 --add-modules=ALL-SYSTEM --add-opens=java.base/java.util=ALL-UNNAMED --add-opens=java.base/java.lang=ALL-UNNAMED --add-opens=java.base/sun.nio.fs=ALL-UNNAMED -Declipse.application=org.eclipse.jdt.ls.core.id1 -Dosgi.bundles.defaultStartLevel=4 -Declipse.product=org.eclipse.jdt.ls.core.product -Djava.import.generatesMetadataFilesAtProjectRoot=false -DDetectVMInstallationsJob.disabled=true -Dfile.encoding=utf8 -XX:+UseParallelGC -XX:GCTimeRatio=4 -XX:AdaptiveSizePolicyWeight=90 -Dsun.zip.disableMemoryMapping=true -Xmx2G -Xms100m -Xlog:disable -javaagent:c:\Users\Advait\.vscode\extensions\redhat.java-1.53.0\lombok\lombok-1.18.39-4050.jar -XX:+HeapDumpOnOutOfMemoryError -XX:HeapDumpPath=c:\Users\Advait\AppData\Roaming\Code\User\workspaceStorage\27f27fed1c968e9587fc0461fa21cf18\redhat.java -Daether.dependencyCollector.impl=bf c:\Users\Advait\.vscode\extensions\redhat.java-1.53.0\server\plugins\org.eclipse.equinox.launcher_1.7.100.v20251111-0406.jar -configuration c:\Users\Advait\AppData\Roaming\Code\User\globalStorage\redhat.java\1.53.0\config_win -data c:\Users\Advait\AppData\Roaming\Code\User\workspaceStorage\27f27fed1c968e9587fc0461fa21cf18\redhat.java\jdt_ws --pipe=\\.\pipe\lsp-501a2d8c8e034fa3fd560b499f4f075f-sock

Host: Intel(R) Core(TM) i9-14900HX, 32 cores, 31G,  Windows 11 , 64 bit Build 26100 (10.0.26100.8115)
Time: Sun Apr 12 21:31:55 2026 India Standard Time elapsed time: 381.650086 seconds (0d 0h 6m 21s)

---------------  T H R E A D  ---------------

Current thread (0x0000022c172315b0):  JavaThread "C2 CompilerThread0" daemon [_thread_in_native, id=14680, stack(0x0000009614000000,0x0000009614100000) (1024K)]


Current CompileTask:
C2:381650 19958   !   4       org.eclipse.jdt.internal.compiler.lookup.LookupEnvironment::askForType (576 bytes)

Stack: [0x0000009614000000,0x0000009614100000],  sp=0x00000096140fc890,  free space=1010k
Native frames: (J=compiled Java code, j=interpreted, Vv=VM code, C=native code)
V  [jvm.dll+0x69a680]  (no source info available)
V  [jvm.dll+0x69b47a]  (no source info available)
V  [jvm.dll+0x253dc3]  (no source info available)
V  [jvm.dll+0x2c027c]  (no source info available)
V  [jvm.dll+0x2bf3cf]  (no source info available)
V  [jvm.dll+0x237140]  (no source info available)
V  [jvm.dll+0x2cf4c6]  (no source info available)
V  [jvm.dll+0x2cd74a]  (no source info available)
V  [jvm.dll+0x48fbee]  (no source info available)
V  [jvm.dll+0x996b0d]  (no source info available)
V  [jvm.dll+0x7a71a5]  (no source info available)
C  [ucrtbase.dll+0x37b0]  (no source info available)
C  [KERNEL32.DLL+0x2e8d7]  (no source info available)
C  [ntdll.dll+0x8c3fc]  (no source info available)


siginfo: EXCEPTION_ACCESS_VIOLATION (0xc0000005), writing address 0x0000000000000020


Registers:
RAX=0x0000000000000020, RBX=0x0000022c51100df0, RCX=0x0000000000000020, RDX=0x0000000000000020
RSP=0x00000096140fc890, RBP=0x0000022c511011f0, RSI=0x0000000000000000, RDI=0x0000022c3f08fbc8
R8 =0x0000000000000000, R9 =0x0000000000000020, R10=0x000000000000abf0, R11=0x0000000000000106
R12=0x0000022c37f70c18, R13=0x00000096140fcb70, R14=0x00007ffcbcc19a00, R15=0x0000000000000000
RIP=0x00007ffcbc4aa680, EFLAGS=0x0000000000010246

XMM[0]=0x0000000000000000 0x0000000000000000
XMM[1]=0x0000022c4fc7e930 0x0000022c4fc7df90
XMM[2]=0xa6290ad557ffffff 0xffffffffffffffff
XMM[3]=0x0000022c41c9fcf0 0x0000022c41ca08b8
XMM[4]=0x0000022c3cff8f60 0x0000022c41ca0fe8
XMM[5]=0x0000022c41c9f000 0x0000022c41c9b628
XMM[6]=0x0000000000000000 0x0000000000000000
XMM[7]=0x0000000000000000 0x0000000000000000
XMM[8]=0x0000000000000000 0x0000000000000000
XMM[9]=0x0000000000000000 0x0000000000000000
XMM[10]=0x0000000000000000 0x0000000000000000
XMM[11]=0x0000000000000000 0x0000000000000000
XMM[12]=0x0000000000000000 0x0000000000000000
XMM[13]=0x0000000000000000 0x0000000000000000
XMM[14]=0x0000000000000000 0x0000000000000000
XMM[15]=0x0000000000000000 0x0000000000000000
  MXCSR=0x00001fa0


Register to memory mapping:

RAX=0x0000000000000020 is an unknown value
RBX=0x0000022c51100df0 points into unknown readable memory: 0x0000000000000000 | 00 00 00 00 00 00 00 00
RCX=0x0000000000000020 is an unknown value
RDX=0x0000000000000020 is an unknown value
RSP=0x00000096140fc890 is pointing into the stack for thread: 0x0000022c172315b0
RBP=0x0000022c511011f0 points into unknown readable memory: 0x0000000200000002 | 02 00 00 00 02 00 00 00
RSI=0x0 is null
RDI=0x0000022c3f08fbc8 points into unknown readable memory: 0x0000000400000011 | 11 00 00 00 04 00 00 00
R8 =0x0 is null
R9 =0x0000000000000020 is an unknown value
R10=0x000000000000abf0 is an unknown value
R11=0x0000000000000106 is an unknown value
R12=0x0000022c37f70c18 points into unknown readable memory: 0x0000000000000000 | 00 00 00 00 00 00 00 00
R13=0x00000096140fcb70 is pointing into the stack for thread: 0x0000022c172315b0
R14=0x00007ffcbcc19a00 jvm.dll
R15=0x0 is null

Top of Stack: (sp=0x00000096140fc890)
0x00000096140fc890:   0000000000000000 0000022c3f08fbc8   ...........?,...
0x00000096140fc8a0:   00000096140fe370 00000096140fc9d9   p...............
0x00000096140fc8b0:   0000000000000000 0000000100000020   ........ .......
0x00000096140fc8c0:   0000000200000001 0000022c41841880   ...........A,...
0x00000096140fc8d0:   0000022c51101200 0000022c511011f0   ...Q,......Q,...
0x00000096140fc8e0:   0000022c00000000 0000000000000000   ....,...........
0x00000096140fc8f0:   0000000000000002 00000096140fc9d9   ................
0x00000096140fc900:   0000022c4fc7e7c0 00000096140fcb70   ...O,...p.......
0x00000096140fc910:   0000022c33107f50 0000022c511011f0   P..3,......Q,...
0x00000096140fc920:   0000022c37c05760 00007ffcbc4ab47a   `W.7,...z.J.....
0x00000096140fc930:   0000022c37f70c18 00000096140fc960   ...7,...`.......
0x00000096140fc940:   0000022c41c9a838 0000000000000000   8..A,...........
0x00000096140fc950:   00000096140fc9c8 00007ffcbc7bf810   ..........{.....
0x00000096140fc960:   0000022c00000020 0000022c172ceae0    ...,.....,.,...
0x00000096140fc970:   0000022c4bee2ac0 0000022c51102408   .*.K,....$.Q,...
0x00000096140fc980:   0000009600000009 0000022c51100d48   ........H..Q,...
0x00000096140fc990:   0000022c33107f50 0000000000000010   P..3,...........
0x00000096140fc9a0:   0000022c172ceae0 0000022c51d391b0   ..,.,......Q,...
0x00000096140fc9b0:   00000000000d4130 0000022c51d411c8   0A.........Q,...
0x00000096140fc9c0:   0000022c51d411c8 0000001000000010   ...Q,...........
0x00000096140fc9d0:   0000022c511023c8 0000022c172ceae0   .#.Q,.....,.,...
0x00000096140fc9e0:   0000000000000000 0000000000000000   ................
0x00000096140fc9f0:   000000000005c508 0000022c4c0ca958   ........X..L,...
0x00000096140fca00:   0000000000000000 0000022c4c0ca940   ........@..L,...
0x00000096140fca10:   0000022c4c0cad30 00000000000003d8   0..L,...........
0x00000096140fca20:   00000096140fcf18 00000096140fceb0   ................
0x00000096140fca30:   00000096140fcb40 00007ffcbc063dc3   @........=......
0x00000096140fca40:   0000022c00000003 0000009600000005   ....,...........
0x00000096140fca50:   0000009600000084 0000022c4fc7e090   ...........O,...
0x00000096140fca60:   3fbe493700000000 0000000200000002   ....7I.?........
0x00000096140fca70:   0000022c4cc30507 00000000000e96a8   ...L,...........
0x00000096140fca80:   0000022c4c0ca940 0000022c41841040   @..L,...@..A,...

Instructions: (pc=0x00007ffcbc4aa680)
  0x00007ffcbc4aa580:   4c 89 44 24 18 48 89 54 24 10 53 56 41 54 41 55
  0x00007ffcbc4aa590:   41 56 48 83 ec 70 45 8b 58 5c 4d 8b e0 48 8b 41
  0x00007ffcbc4aa5a0:   20 41 ff cb 4d 69 d3 a8 00 00 00 48 89 6c 24 68
  0x00007ffcbc4aa5b0:   4c 8b f2 49 03 c2 48 89 7c 24 60 48 8b 79 10 49
  0x00007ffcbc4aa5c0:   8b e9 48 89 84 24 a0 00 00 00 49 03 fa 48 8b 41
  0x00007ffcbc4aa5d0:   28 4c 8b e9 4a 8b 34 d8 48 89 b4 24 b8 00 00 00
  0x00007ffcbc4aa5e0:   48 85 f6 74 05 48 8b de eb 08 e8 61 10 00 00 48
  0x00007ffcbc4aa5f0:   8b d8 83 7d 00 00 0f 84 6f 02 00 00 48 8b 45 08
  0x00007ffcbc4aa600:   33 d2 8b 4d 04 33 f6 4c 8b a4 24 a0 00 00 00 89
  0x00007ffcbc4aa610:   74 24 28 48 89 54 24 20 48 c7 44 24 2c 04 00 00
  0x00007ffcbc4aa620:   00 89 4c 24 34 48 89 54 24 38 48 89 44 24 40 48
  0x00007ffcbc4aa630:   89 6c 24 48 4c 89 7c 24 58 4c 8d 35 c0 f3 76 00
  0x00007ffcbc4aa640:   48 85 d2 74 19 48 0f bc c2 8b c8 48 d3 ea 48 ff
  0x00007ffcbc4aa650:   ca 03 f0 48 89 54 24 20 89 74 24 28 eb 21 83 7c
  0x00007ffcbc4aa660:   24 2c 04 72 0e 8b 44 24 34 39 44 24 30 0f 83 db
  0x00007ffcbc4aa670:   01 00 00 48 8d 4c 24 20 e8 63 e8 db ff 8b f0 85
=>0x00007ffcbc4aa680:   f6 0f 84 c7 01 00 00 48 83 7f 08 00 75 74 8b 87
  0x00007ffcbc4aa690:   90 00 00 00 83 f8 10 77 06 48 8d 4f 10 eb 36 4c
  0x00007ffcbc4aa6a0:   8b 8f 98 00 00 00 48 8b d0 48 c1 e2 03 49 8b 49
  0x00007ffcbc4aa6b0:   20 49 8b 41 28 48 2b c1 48 3b c2 72 0a 48 8d 04
  0x00007ffcbc4aa6c0:   11 49 89 41 20 eb 0e 45 33 c0 49 8b c9 e8 ce 6b
  0x00007ffcbc4aa6d0:   a7 ff 48 8b c8 33 c0 48 89 4f 08 39 87 90 00 00
  0x00007ffcbc4aa6e0:   00 76 1f 0f 1f 40 00 66 0f 1f 84 00 00 00 00 00
  0x00007ffcbc4aa6f0:   48 8b 4f 08 4c 89 34 c1 ff c0 3b 87 90 00 00 00
  0x00007ffcbc4aa700:   72 ee 8b c6 48 c1 e8 08 8b ee 4c 8d 3c c5 00 00
  0x00007ffcbc4aa710:   00 00 48 8b 47 08 49 8b 14 07 49 3b d6 75 0d 8b
  0x00007ffcbc4aa720:   d6 48 8b cf e8 67 e9 db ff 48 8b d0 40 0f b6 cd
  0x00007ffcbc4aa730:   41 be 01 00 00 00 48 c1 ed 06 80 e1 3f 83 e5 03
  0x00007ffcbc4aa740:   49 d3 e6 48 8b 0c ea 48 8b c1 49 0b c6 48 89 04
  0x00007ffcbc4aa750:   ea 49 85 ce 0f 85 d6 00 00 00 ff 07 49 8b 44 24
  0x00007ffcbc4aa760:   08 48 85 c0 74 0e 4a 8b 04 38 4c 85 34 e8 0f 85
  0x00007ffcbc4aa770:   bc 00 00 00 48 83 7b 08 00 75 79 8b 83 90 00 00


Stack slot to memory mapping:

stack at sp + 0 slots: 0x0 is null
stack at sp + 1 slots: 0x0000022c3f08fbc8 points into unknown readable memory: 0x0000000400000011 | 11 00 00 00 04 00 00 00
stack at sp + 2 slots: 0x00000096140fe370 is pointing into the stack for thread: 0x0000022c172315b0
stack at sp + 3 slots: 0x00000096140fc9d9 is pointing into the stack for thread: 0x0000022c172315b0
stack at sp + 4 slots: 0x0 is null
stack at sp + 5 slots: 0x0000000100000020 is an unknown value
stack at sp + 6 slots: 0x0000000200000001 is an unknown value
stack at sp + 7 slots: 0x0000022c41841880 points into unknown readable memory: 0x0000000100000000 | 00 00 00 00 01 00 00 00

Lock stack of current Java thread (top to bottom):


---------------  P R O C E S S  ---------------

Threads class SMR info:
_java_thread_list=0x0000022c3e326150, length=134, elements={
0x0000022c16f674c0, 0x0000022c172d0930, 0x0000022c172d10f0, 0x0000022c172d6680,
0x0000022c331053b0, 0x0000022c172dc190, 0x0000022c331085e0, 0x0000022c172315b0,
0x0000022c1722f570, 0x0000022c37d5ea10, 0x0000022c3c312b00, 0x0000022c3c8f7a70,
0x0000022c3cc35030, 0x0000022c3c8060a0, 0x0000022c3c9c9390, 0x0000022c3d178230,
0x0000022c3d1ca680, 0x0000022c3d266ba0, 0x0000022c3d3ed7a0, 0x0000022c3d3ee740,
0x0000022c3d3eef10, 0x0000022c3d3eb860, 0x0000022c3d3ef6e0, 0x0000022c3d3ec030,
0x0000022c3de4cf20, 0x0000022c3de4f630, 0x0000022c3de4c750, 0x0000022c3de4d6f0,
0x0000022c3de4e690, 0x0000022c3de4bf80, 0x0000022c3de4ee60, 0x0000022c3de4fe00,
0x0000022c3de505d0, 0x0000022c3de50da0, 0x0000022c3de51570, 0x0000022c3de4dec0,
0x0000022c3de51d40, 0x0000022c3de52510, 0x0000022c3de52ce0, 0x0000022c3de534b0,
0x0000022c3e799a20, 0x0000022c3e7982b0, 0x0000022c3e79a1f0, 0x0000022c3e797ae0,
0x0000022c3e799250, 0x0000022c3e79a9c0, 0x0000022c3e79d8a0, 0x0000022c3e79e070,
0x0000022c3e79d0d0, 0x0000022c3e79c130, 0x0000022c3e79e840, 0x0000022c3e79b960,
0x0000022c3dedd920, 0x0000022c3ea92010, 0x0000022c3ea97dd0, 0x0000022c3ea98d70,
0x0000022c3fdd8e20, 0x0000022c3ea956c0, 0x0000022c3ea97600, 0x0000022c3c68b440,
0x0000022c3c6919d0, 0x0000022c331507b0, 0x0000022c4339c270, 0x0000022c4339baa0,
0x0000022c4339e1b0, 0x0000022c4339f920, 0x0000022c433a85c0, 0x0000022c433a56e0,
0x0000022c433a8d90, 0x0000022c433a6680, 0x0000022c433a6e50, 0x0000022c433a9d30,
0x0000022c3dbe92b0, 0x0000022c3dbe9a80, 0x0000022c3dbe8310, 0x0000022c3dbe8ae0,
0x0000022c3dbf0010, 0x0000022c3dbf3e90, 0x0000022c3dbf0fb0, 0x0000022c3dbf1780,
0x0000022c3dbf5600, 0x0000022c3dbf6d70, 0x0000022c3fdd0950, 0x0000022c3fdcf1e0,
0x0000022c3fdd0180, 0x0000022c3fdd1120, 0x0000022c3d265430, 0x0000022c3db48690,
0x0000022c3db4ada0, 0x0000022c3db4b570, 0x0000022c3db47ec0, 0x0000022c3db4bd40,
0x0000022c3db4c510, 0x0000022c3db4dc80, 0x0000022c3db4fbc0, 0x0000022c3db50390,
0x0000022c3db4cce0, 0x0000022c3db4ec20, 0x0000022c3db4e450, 0x0000022c3db50b60,
0x0000022c3db4f3f0, 0x0000022c3db4d4b0, 0x0000022c3db51b00, 0x0000022c3db53a40,
0x0000022c3db522d0, 0x0000022c3db56920, 0x0000022c3db570f0, 0x0000022c3ede8520,
0x0000022c3ede1f90, 0x0000022c3edef280, 0x0000022c3edeeab0, 0x0000022c4c6095b0,
0x0000022c4c60dc00, 0x0000022c4c60e3d0, 0x0000022c4c611a80, 0x0000022c4c612a20,
0x0000022c4c60f370, 0x0000022c4c6139c0, 0x0000022c4c614190, 0x0000022c4c6168a0,
0x0000022c4c617840, 0x0000022c4c618010, 0x0000022c4c618fb0, 0x0000022c4c61aef0,
0x0000022c4c61be90, 0x0000022c4c619f50, 0x0000022c4c621480, 0x0000022c4c61f540,
0x0000022c4c622420, 0x0000022c4c61fd10, 0x0000022c4c623b90, 0x0000022c4c622bf0,
0x0000022c4c6204e0, 0x0000022c40875210
}

Java Threads: ( => current thread )
  0x0000022c16f674c0 JavaThread "main"                              [_thread_blocked, id=5608, stack(0x0000009613600000,0x0000009613700000) (1024K)]
  0x0000022c172d0930 JavaThread "Reference Handler"          daemon [_thread_blocked, id=20088, stack(0x0000009613a00000,0x0000009613b00000) (1024K)]
  0x0000022c172d10f0 JavaThread "Finalizer"                  daemon [_thread_blocked, id=10652, stack(0x0000009613b00000,0x0000009613c00000) (1024K)]
  0x0000022c172d6680 JavaThread "Signal Dispatcher"          daemon [_thread_blocked, id=21848, stack(0x0000009613c00000,0x0000009613d00000) (1024K)]
  0x0000022c331053b0 JavaThread "Attach Listener"            daemon [_thread_blocked, id=2756, stack(0x0000009613d00000,0x0000009613e00000) (1024K)]
  0x0000022c172dc190 JavaThread "Service Thread"             daemon [_thread_blocked, id=24784, stack(0x0000009613e00000,0x0000009613f00000) (1024K)]
  0x0000022c331085e0 JavaThread "Monitor Deflation Thread"   daemon [_thread_blocked, id=20588, stack(0x0000009613f00000,0x0000009614000000) (1024K)]
=>0x0000022c172315b0 JavaThread "C2 CompilerThread0"         daemon [_thread_in_native, id=14680, stack(0x0000009614000000,0x0000009614100000) (1024K)]
  0x0000022c1722f570 JavaThread "C1 CompilerThread0"         daemon [_thread_blocked, id=21428, stack(0x0000009614100000,0x0000009614200000) (1024K)]
  0x0000022c37d5ea10 JavaThread "Common-Cleaner"             daemon [_thread_blocked, id=5400, stack(0x0000009614400000,0x0000009614500000) (1024K)]
  0x0000022c3c312b00 JavaThread "Notification Thread"        daemon [_thread_blocked, id=18132, stack(0x0000009614600000,0x0000009614700000) (1024K)]
  0x0000022c3c8f7a70 JavaThread "Active Thread: Equinox Container: 8562546b-c614-48b1-9b90-16c4d65721c7"        [_thread_blocked, id=17464, stack(0x0000009614c00000,0x0000009614d00000) (1024K)]
  0x0000022c3cc35030 JavaThread "Framework Event Dispatcher: Equinox Container: 8562546b-c614-48b1-9b90-16c4d65721c7" daemon [_thread_blocked, id=20660, stack(0x0000009614e00000,0x0000009614f00000) (1024K)]
  0x0000022c3c8060a0 JavaThread "Start Level: Equinox Container: 8562546b-c614-48b1-9b90-16c4d65721c7" daemon [_thread_blocked, id=23096, stack(0x0000009614f00000,0x0000009615000000) (1024K)]
  0x0000022c3c9c9390 JavaThread "Bundle File Closer"         daemon [_thread_blocked, id=26040, stack(0x0000009615200000,0x0000009615300000) (1024K)]
  0x0000022c3d178230 JavaThread "SCR Component Actor"        daemon [_thread_blocked, id=22460, stack(0x0000009615300000,0x0000009615400000) (1024K)]
  0x0000022c3d1ca680 JavaThread "Worker-JM"                         [_thread_blocked, id=18736, stack(0x0000009615400000,0x0000009615500000) (1024K)]
  0x0000022c3d266ba0 JavaThread "Java indexing"              daemon [_thread_blocked, id=8356, stack(0x0000009615e00000,0x0000009615f00000) (1024K)]
  0x0000022c3d3ed7a0 JavaThread "JNA Cleaner"                daemon [_thread_blocked, id=23836, stack(0x0000009616400000,0x0000009616500000) (1024K)]
  0x0000022c3d3ee740 JavaThread "Worker-3"                          [_thread_blocked, id=10460, stack(0x0000009616800000,0x0000009616900000) (1024K)]
  0x0000022c3d3eef10 JavaThread "InnocuousThread-1"          daemon [_thread_in_native, id=12032, stack(0x0000009616900000,0x0000009616a00000) (1024K)]
  0x0000022c3d3eb860 JavaThread "InnocuousThread-2"          daemon [_thread_in_native, id=2976, stack(0x0000009616a00000,0x0000009616b00000) (1024K)]
  0x0000022c3d3ef6e0 JavaThread "InnocuousThread-3"          daemon [_thread_in_native, id=4280, stack(0x0000009616b00000,0x0000009616c00000) (1024K)]
  0x0000022c3d3ec030 JavaThread "InnocuousThread-4"          daemon [_thread_in_native, id=12412, stack(0x0000009616c00000,0x0000009616d00000) (1024K)]
  0x0000022c3de4cf20 JavaThread "InnocuousThread-5"          daemon [_thread_in_native, id=3248, stack(0x0000009616d00000,0x0000009616e00000) (1024K)]
  0x0000022c3de4f630 JavaThread "InnocuousThread-6"          daemon [_thread_in_native, id=20272, stack(0x0000009616e00000,0x0000009616f00000) (1024K)]
  0x0000022c3de4c750 JavaThread "InnocuousThread-7"          daemon [_thread_in_native, id=25800, stack(0x0000009616f00000,0x0000009617000000) (1024K)]
  0x0000022c3de4d6f0 JavaThread "InnocuousThread-8"          daemon [_thread_in_native, id=21144, stack(0x0000009617000000,0x0000009617100000) (1024K)]
  0x0000022c3de4e690 JavaThread "InnocuousThread-9"          daemon [_thread_in_native, id=25020, stack(0x0000009617100000,0x0000009617200000) (1024K)]
  0x0000022c3de4bf80 JavaThread "InnocuousThread-10"         daemon [_thread_in_native, id=25820, stack(0x0000009617200000,0x0000009617300000) (1024K)]
  0x0000022c3de4ee60 JavaThread "InnocuousThread-11"         daemon [_thread_in_native, id=18936, stack(0x0000009617300000,0x0000009617400000) (1024K)]
  0x0000022c3de4fe00 JavaThread "InnocuousThread-12"         daemon [_thread_in_native, id=15724, stack(0x0000009617400000,0x0000009617500000) (1024K)]
  0x0000022c3de505d0 JavaThread "InnocuousThread-13"         daemon [_thread_in_native, id=20700, stack(0x0000009617500000,0x0000009617600000) (1024K)]
  0x0000022c3de50da0 JavaThread "InnocuousThread-14"         daemon [_thread_in_native, id=17412, stack(0x0000009617600000,0x0000009617700000) (1024K)]
  0x0000022c3de51570 JavaThread "InnocuousThread-15"         daemon [_thread_in_native, id=25024, stack(0x0000009617700000,0x0000009617800000) (1024K)]
  0x0000022c3de4dec0 JavaThread "InnocuousThread-16"         daemon [_thread_in_native, id=17628, stack(0x0000009617800000,0x0000009617900000) (1024K)]
  0x0000022c3de51d40 JavaThread "InnocuousThread-17"         daemon [_thread_in_native, id=7748, stack(0x0000009617900000,0x0000009617a00000) (1024K)]
  0x0000022c3de52510 JavaThread "InnocuousThread-18"         daemon [_thread_in_native, id=17132, stack(0x0000009617a00000,0x0000009617b00000) (1024K)]
  0x0000022c3de52ce0 JavaThread "InnocuousThread-19"         daemon [_thread_in_native, id=14440, stack(0x0000009617b00000,0x0000009617c00000) (1024K)]
  0x0000022c3de534b0 JavaThread "InnocuousThread-20"         daemon [_thread_in_native, id=24492, stack(0x0000009617c00000,0x0000009617d00000) (1024K)]
  0x0000022c3e799a20 JavaThread "InnocuousThread-21"         daemon [_thread_in_native, id=4712, stack(0x0000009617d00000,0x0000009617e00000) (1024K)]
  0x0000022c3e7982b0 JavaThread "InnocuousThread-22"         daemon [_thread_in_native, id=21268, stack(0x0000009617e00000,0x0000009617f00000) (1024K)]
  0x0000022c3e79a1f0 JavaThread "InnocuousThread-23"         daemon [_thread_in_native, id=5180, stack(0x0000009617f00000,0x0000009618000000) (1024K)]
  0x0000022c3e797ae0 JavaThread "InnocuousThread-24"         daemon [_thread_in_native, id=17560, stack(0x0000009618000000,0x0000009618100000) (1024K)]
  0x0000022c3e799250 JavaThread "InnocuousThread-25"         daemon [_thread_in_native, id=17756, stack(0x0000009618100000,0x0000009618200000) (1024K)]
  0x0000022c3e79a9c0 JavaThread "InnocuousThread-26"         daemon [_thread_in_native, id=25352, stack(0x0000009618200000,0x0000009618300000) (1024K)]
  0x0000022c3e79d8a0 JavaThread "InnocuousThread-27"         daemon [_thread_in_native, id=24880, stack(0x0000009618300000,0x0000009618400000) (1024K)]
  0x0000022c3e79e070 JavaThread "InnocuousThread-28"         daemon [_thread_in_native, id=3276, stack(0x0000009618400000,0x0000009618500000) (1024K)]
  0x0000022c3e79d0d0 JavaThread "InnocuousThread-29"         daemon [_thread_in_native, id=25996, stack(0x0000009618500000,0x0000009618600000) (1024K)]
  0x0000022c3e79c130 JavaThread "InnocuousThread-30"         daemon [_thread_in_native, id=17104, stack(0x0000009618600000,0x0000009618700000) (1024K)]
  0x0000022c3e79e840 JavaThread "InnocuousThread-31"         daemon [_thread_in_native, id=23156, stack(0x0000009618700000,0x0000009618800000) (1024K)]
  0x0000022c3e79b960 JavaThread "InnocuousThread-32"         daemon [_thread_in_native, id=24136, stack(0x0000009618800000,0x0000009618900000) (1024K)]
  0x0000022c3dedd920 JavaThread "InnocuousThread-33"         daemon [_thread_in_native, id=14228, stack(0x0000009618900000,0x0000009618a00000) (1024K)]
  0x0000022c3ea92010 JavaThread "pool-2-thread-1"                   [_thread_blocked, id=17484, stack(0x0000009618c00000,0x0000009618d00000) (1024K)]
  0x0000022c3ea97dd0 JavaThread "WorkspaceEventsHandler"            [_thread_blocked, id=21832, stack(0x0000009619200000,0x0000009619300000) (1024K)]
  0x0000022c3ea98d70 JavaThread "pool-1-thread-1"                   [_thread_blocked, id=13572, stack(0x0000009619300000,0x0000009619400000) (1024K)]
  0x0000022c3fdd8e20 JavaThread "Compiler Source File Reader" daemon [_thread_blocked, id=26004, stack(0x0000009619900000,0x0000009619a00000) (1024K)]
  0x0000022c3ea956c0 JavaThread "Compiler Source File Reader" daemon [_thread_blocked, id=10636, stack(0x0000009619a00000,0x0000009619b00000) (1024K)]
  0x0000022c3ea97600 JavaThread "Compiler Source File Reader" daemon [_thread_blocked, id=3200, stack(0x0000009619b00000,0x0000009619c00000) (1024K)]
  0x0000022c3c68b440 JavaThread "Compiler Source File Reader" daemon [_thread_blocked, id=23292, stack(0x0000009619c00000,0x0000009619d00000) (1024K)]
  0x0000022c3c6919d0 JavaThread "Compiler Source File Reader" daemon [_thread_blocked, id=25060, stack(0x0000009619d00000,0x0000009619e00000) (1024K)]
  0x0000022c331507b0 JavaThread "Compiler Source File Reader" daemon [_thread_blocked, id=22224, stack(0x0000009619e00000,0x0000009619f00000) (1024K)]
  0x0000022c4339c270 JavaThread "Compiler Source File Reader" daemon [_thread_blocked, id=20964, stack(0x0000009619f00000,0x000000961a000000) (1024K)]
  0x0000022c4339baa0 JavaThread "Compiler Source File Reader" daemon [_thread_blocked, id=24732, stack(0x000000961a000000,0x000000961a100000) (1024K)]
  0x0000022c4339e1b0 JavaThread "Compiler Source File Reader" daemon [_thread_blocked, id=18988, stack(0x000000961a100000,0x000000961a200000) (1024K)]
  0x0000022c4339f920 JavaThread "Compiler Source File Reader" daemon [_thread_blocked, id=17588, stack(0x000000961a200000,0x000000961a300000) (1024K)]
  0x0000022c433a85c0 JavaThread "Compiler Class File Writer" daemon [_thread_blocked, id=20156, stack(0x000000961a400000,0x000000961a500000) (1024K)]
  0x0000022c433a56e0 JavaThread "Compiler Class File Writer" daemon [_thread_blocked, id=7752, stack(0x000000961a500000,0x000000961a600000) (1024K)]
  0x0000022c433a8d90 JavaThread "Compiler Class File Writer" daemon [_thread_blocked, id=25452, stack(0x000000961a600000,0x000000961a700000) (1024K)]
  0x0000022c433a6680 JavaThread "Compiler Class File Writer" daemon [_thread_blocked, id=24728, stack(0x000000961a700000,0x000000961a800000) (1024K)]
  0x0000022c433a6e50 JavaThread "Compiler Class File Writer" daemon [_thread_blocked, id=14540, stack(0x000000961a800000,0x000000961a900000) (1024K)]
  0x0000022c433a9d30 JavaThread "Compiler Class File Writer" daemon [_thread_blocked, id=26056, stack(0x000000961a900000,0x000000961aa00000) (1024K)]
  0x0000022c3dbe92b0 JavaThread "Compiler Class File Writer" daemon [_thread_blocked, id=22244, stack(0x000000961aa00000,0x000000961ab00000) (1024K)]
  0x0000022c3dbe9a80 JavaThread "Compiler Class File Writer" daemon [_thread_blocked, id=3340, stack(0x000000961ab00000,0x000000961ac00000) (1024K)]
  0x0000022c3dbe8310 JavaThread "Compiler Class File Writer" daemon [_thread_blocked, id=18568, stack(0x000000961ac00000,0x000000961ad00000) (1024K)]
  0x0000022c3dbe8ae0 JavaThread "Compiler Class File Writer" daemon [_thread_blocked, id=2720, stack(0x000000961ae00000,0x000000961af00000) (1024K)]
  0x0000022c3dbf0010 JavaThread "ForkJoinPool.commonPool-worker-1" daemon [_thread_blocked, id=26132, stack(0x0000009614700000,0x0000009614800000) (1024K)]
  0x0000022c3dbf3e90 JavaThread "ForkJoinPool.commonPool-worker-2" daemon [_thread_blocked, id=22200, stack(0x0000009614b00000,0x0000009614c00000) (1024K)]
  0x0000022c3dbf0fb0 JavaThread "ForkJoinPool.commonPool-worker-3" daemon [_thread_blocked, id=12100, stack(0x0000009615000000,0x0000009615100000) (1024K)]
  0x0000022c3dbf1780 JavaThread "ForkJoinPool.commonPool-worker-4" daemon [_thread_blocked, id=3416, stack(0x0000009615b00000,0x0000009615c00000) (1024K)]
  0x0000022c3dbf5600 JavaThread "ForkJoinPool.commonPool-worker-5" daemon [_thread_blocked, id=25728, stack(0x0000009618d00000,0x0000009618e00000) (1024K)]
  0x0000022c3dbf6d70 JavaThread "ForkJoinPool.commonPool-worker-6" daemon [_thread_blocked, id=25608, stack(0x0000009618e00000,0x0000009618f00000) (1024K)]
  0x0000022c3fdd0950 JavaThread "ForkJoinPool.commonPool-worker-7" daemon [_thread_blocked, id=1460, stack(0x0000009619400000,0x0000009619500000) (1024K)]
  0x0000022c3fdcf1e0 JavaThread "ForkJoinPool.commonPool-worker-9" daemon [_thread_blocked, id=8080, stack(0x000000961af00000,0x000000961b000000) (1024K)]
  0x0000022c3fdd0180 JavaThread "ForkJoinPool.commonPool-worker-8" daemon [_thread_blocked, id=21288, stack(0x000000961b000000,0x000000961b100000) (1024K)]
  0x0000022c3fdd1120 JavaThread "ForkJoinPool.commonPool-worker-10" daemon [_thread_blocked, id=12116, stack(0x000000961b100000,0x000000961b200000) (1024K)]
  0x0000022c3d265430 JavaThread "ForkJoinPool.commonPool-worker-11" daemon [_thread_blocked, id=25696, stack(0x000000961b200000,0x000000961b300000) (1024K)]
  0x0000022c3db48690 JavaThread "ForkJoinPool.commonPool-worker-12" daemon [_thread_blocked, id=7376, stack(0x000000961b300000,0x000000961b400000) (1024K)]
  0x0000022c3db4ada0 JavaThread "ForkJoinPool.commonPool-worker-13" daemon [_thread_blocked, id=23328, stack(0x000000961b400000,0x000000961b500000) (1024K)]
  0x0000022c3db4b570 JavaThread "ForkJoinPool.commonPool-worker-14" daemon [_thread_blocked, id=15996, stack(0x000000961b500000,0x000000961b600000) (1024K)]
  0x0000022c3db47ec0 JavaThread "ForkJoinPool.commonPool-worker-18" daemon [_thread_blocked, id=11768, stack(0x000000961b600000,0x000000961b700000) (1024K)]
  0x0000022c3db4bd40 JavaThread "ForkJoinPool.commonPool-worker-19" daemon [_thread_blocked, id=25012, stack(0x000000961b700000,0x000000961b800000) (1024K)]
  0x0000022c3db4c510 JavaThread "ForkJoinPool.commonPool-worker-20" daemon [_thread_blocked, id=20616, stack(0x000000961b800000,0x000000961b900000) (1024K)]
  0x0000022c3db4dc80 JavaThread "ForkJoinPool.commonPool-worker-22" daemon [_thread_blocked, id=25292, stack(0x000000961b900000,0x000000961ba00000) (1024K)]
  0x0000022c3db4fbc0 JavaThread "ForkJoinPool.commonPool-worker-16" daemon [_thread_blocked, id=17740, stack(0x000000961ba00000,0x000000961bb00000) (1024K)]
  0x0000022c3db50390 JavaThread "ForkJoinPool.commonPool-worker-15" daemon [_thread_blocked, id=21260, stack(0x000000961bb00000,0x000000961bc00000) (1024K)]
  0x0000022c3db4cce0 JavaThread "ForkJoinPool.commonPool-worker-21" daemon [_thread_blocked, id=12016, stack(0x000000961bc00000,0x000000961bd00000) (1024K)]
  0x0000022c3db4ec20 JavaThread "ForkJoinPool.commonPool-worker-23" daemon [_thread_blocked, id=14444, stack(0x000000961bd00000,0x000000961be00000) (1024K)]
  0x0000022c3db4e450 JavaThread "ForkJoinPool.commonPool-worker-24" daemon [_thread_blocked, id=20636, stack(0x000000961be00000,0x000000961bf00000) (1024K)]
  0x0000022c3db50b60 JavaThread "ForkJoinPool.commonPool-worker-26" daemon [_thread_blocked, id=10192, stack(0x000000961bf00000,0x000000961c000000) (1024K)]
  0x0000022c3db4f3f0 JavaThread "ForkJoinPool.commonPool-worker-17" daemon [_thread_blocked, id=15328, stack(0x000000961c000000,0x000000961c100000) (1024K)]
  0x0000022c3db4d4b0 JavaThread "ForkJoinPool.commonPool-worker-28" daemon [_thread_blocked, id=14248, stack(0x000000961c100000,0x000000961c200000) (1024K)]
  0x0000022c3db51b00 JavaThread "ForkJoinPool.commonPool-worker-29" daemon [_thread_blocked, id=12104, stack(0x000000961c200000,0x000000961c300000) (1024K)]
  0x0000022c3db53a40 JavaThread "ForkJoinPool.commonPool-worker-30" daemon [_thread_blocked, id=24808, stack(0x000000961c300000,0x000000961c400000) (1024K)]
  0x0000022c3db522d0 JavaThread "ForkJoinPool.commonPool-worker-25" daemon [_thread_blocked, id=12276, stack(0x000000961c400000,0x000000961c500000) (1024K)]
  0x0000022c3db56920 JavaThread "ForkJoinPool.commonPool-worker-31" daemon [_thread_blocked, id=24116, stack(0x000000961c500000,0x000000961c600000) (1024K)]
  0x0000022c3db570f0 JavaThread "ForkJoinPool.commonPool-worker-27" daemon [_thread_blocked, id=22508, stack(0x000000961c600000,0x000000961c700000) (1024K)]
  0x0000022c3ede8520 JavaThread "Cleaner-0"                  daemon [_thread_blocked, id=10412, stack(0x000000961cc00000,0x000000961cd00000) (1024K)]
  0x0000022c3ede1f90 JavaThread "Worker-5"                          [_thread_blocked, id=6728, stack(0x0000009613300000,0x0000009613400000) (1024K)]
  0x0000022c3edef280 JavaThread "Compiler Source File Reader" daemon [_thread_blocked, id=26292, stack(0x0000009615700000,0x0000009615800000) (1024K)]
  0x0000022c3edeeab0 JavaThread "Compiler Source File Reader" daemon [_thread_blocked, id=1828, stack(0x0000009615800000,0x0000009615900000) (1024K)]
  0x0000022c4c6095b0 JavaThread "Compiler Source File Reader" daemon [_thread_blocked, id=8380, stack(0x000000961d500000,0x000000961d600000) (1024K)]
  0x0000022c4c60dc00 JavaThread "Compiler Source File Reader" daemon [_thread_blocked, id=7856, stack(0x000000961d600000,0x000000961d700000) (1024K)]
  0x0000022c4c60e3d0 JavaThread "Compiler Source File Reader" daemon [_thread_blocked, id=23444, stack(0x000000961d700000,0x000000961d800000) (1024K)]
  0x0000022c4c611a80 JavaThread "Compiler Class File Writer" daemon [_thread_blocked, id=22868, stack(0x000000961d900000,0x000000961da00000) (1024K)]
  0x0000022c4c612a20 JavaThread "Compiler Class File Writer" daemon [_thread_blocked, id=11740, stack(0x000000961da00000,0x000000961db00000) (1024K)]
  0x0000022c4c60f370 JavaThread "Compiler Class File Writer" daemon [_thread_blocked, id=3176, stack(0x000000961db00000,0x000000961dc00000) (1024K)]
  0x0000022c4c6139c0 JavaThread "Compiler Class File Writer" daemon [_thread_blocked, id=4176, stack(0x000000961dc00000,0x000000961dd00000) (1024K)]
  0x0000022c4c614190 JavaThread "Compiler Class File Writer" daemon [_thread_blocked, id=22592, stack(0x000000961dd00000,0x000000961de00000) (1024K)]
  0x0000022c4c6168a0 JavaThread "Compiler Class File Writer" daemon [_thread_blocked, id=26228, stack(0x000000961de00000,0x000000961df00000) (1024K)]
  0x0000022c4c617840 JavaThread "Compiler Class File Writer" daemon [_thread_blocked, id=15728, stack(0x000000961df00000,0x000000961e000000) (1024K)]
  0x0000022c4c618010 JavaThread "Compiler Class File Writer" daemon [_thread_blocked, id=16892, stack(0x000000961e000000,0x000000961e100000) (1024K)]
  0x0000022c4c618fb0 JavaThread "Compiler Class File Writer" daemon [_thread_blocked, id=20732, stack(0x000000961e100000,0x000000961e200000) (1024K)]
  0x0000022c4c61aef0 JavaThread "Compiler Class File Writer" daemon [_thread_blocked, id=5644, stack(0x000000961e200000,0x000000961e300000) (1024K)]
  0x0000022c4c61be90 JavaThread "Compiler Class File Writer" daemon [_thread_blocked, id=18680, stack(0x000000961e300000,0x000000961e400000) (1024K)]
  0x0000022c4c619f50 JavaThread "Compiler Class File Writer" daemon [_thread_blocked, id=18872, stack(0x000000961d800000,0x000000961d900000) (1024K)]
  0x0000022c4c621480 JavaThread "Compiler Class File Writer" daemon [_thread_blocked, id=11736, stack(0x000000961e400000,0x000000961e500000) (1024K)]
  0x0000022c4c61f540 JavaThread "Compiler Class File Writer" daemon [_thread_blocked, id=3524, stack(0x000000961e500000,0x000000961e600000) (1024K)]
  0x0000022c4c622420 JavaThread "Compiler Class File Writer" daemon [_thread_blocked, id=24372, stack(0x000000961e600000,0x000000961e700000) (1024K)]
  0x0000022c4c61fd10 JavaThread "Compiler Class File Writer" daemon [_thread_blocked, id=1592, stack(0x000000961e700000,0x000000961e800000) (1024K)]
  0x0000022c4c623b90 JavaThread "Compiler Class File Writer" daemon [_thread_blocked, id=4648, stack(0x000000961eb00000,0x000000961ec00000) (1024K)]
  0x0000022c4c622bf0 JavaThread "Compiler Class File Writer" daemon [_thread_blocked, id=17140, stack(0x000000961ec00000,0x000000961ed00000) (1024K)]
  0x0000022c4c6204e0 JavaThread "Compiler Class File Writer" daemon [_thread_blocked, id=7480, stack(0x000000961ed00000,0x000000961ee00000) (1024K)]
  0x0000022c40875210 JavaThread "C1 CompilerThread1"         daemon [_thread_blocked, id=26312, stack(0x0000009614300000,0x0000009614400000) (1024K)]
Total: 134

Other Threads:
  0x0000022c172bf280 VMThread "VM Thread"                           [id=5524, stack(0x0000009613900000,0x0000009613a00000) (1024K)]
  0x0000022c330fca00 WatcherThread "VM Periodic Task Thread"        [id=16088, stack(0x0000009613800000,0x0000009613900000) (1024K)]
  0x0000022c1723c890 WorkerThread "GC Thread#0"                     [id=23916, stack(0x0000009613700000,0x0000009613800000) (1024K)]
  0x0000022c3c570560 WorkerThread "GC Thread#1"                     [id=7052, stack(0x0000009614800000,0x0000009614900000) (1024K)]
  0x0000022c3c4de790 WorkerThread "GC Thread#2"                     [id=23256, stack(0x0000009614900000,0x0000009614a00000) (1024K)]
  0x0000022c3c4debc0 WorkerThread "GC Thread#3"                     [id=23900, stack(0x0000009614a00000,0x0000009614b00000) (1024K)]
  0x0000022c3c80ea10 WorkerThread "GC Thread#4"                     [id=26300, stack(0x0000009614d00000,0x0000009614e00000) (1024K)]
  0x0000022c3c952bb0 WorkerThread "GC Thread#5"                     [id=9184, stack(0x0000009615100000,0x0000009615200000) (1024K)]
  0x0000022c3c954140 WorkerThread "GC Thread#6"                     [id=3632, stack(0x0000009615500000,0x0000009615600000) (1024K)]
  0x0000022c3c9549e0 WorkerThread "GC Thread#7"                     [id=21100, stack(0x0000009615600000,0x0000009615700000) (1024K)]
  0x0000022c3d3a0100 WorkerThread "GC Thread#8"                     [id=24560, stack(0x0000009615900000,0x0000009615a00000) (1024K)]
  0x0000022c3d39fcb0 WorkerThread "GC Thread#9"                     [id=8960, stack(0x0000009615a00000,0x0000009615b00000) (1024K)]
  0x0000022c3d3a1f30 WorkerThread "GC Thread#10"                    [id=25644, stack(0x0000009615c00000,0x0000009615d00000) (1024K)]
  0x0000022c3d3a1ae0 WorkerThread "GC Thread#11"                    [id=12836, stack(0x0000009615d00000,0x0000009615e00000) (1024K)]
  0x0000022c3d3a6430 WorkerThread "GC Thread#12"                    [id=23312, stack(0x0000009615f00000,0x0000009616000000) (1024K)]
  0x0000022c3d3a52f0 WorkerThread "GC Thread#13"                    [id=25212, stack(0x0000009616000000,0x0000009616100000) (1024K)]
  0x0000022c3d3a4ea0 WorkerThread "GC Thread#14"                    [id=24828, stack(0x0000009616100000,0x0000009616200000) (1024K)]
  0x0000022c3d3a4a50 WorkerThread "GC Thread#15"                    [id=3064, stack(0x0000009616200000,0x0000009616300000) (1024K)]
  0x0000022c3d3a5740 WorkerThread "GC Thread#16"                    [id=9700, stack(0x0000009616300000,0x0000009616400000) (1024K)]
  0x0000022c3d3a3070 WorkerThread "GC Thread#17"                    [id=8988, stack(0x0000009618a00000,0x0000009618b00000) (1024K)]
  0x0000022c3d3a4600 WorkerThread "GC Thread#18"                    [id=25916, stack(0x0000009618b00000,0x0000009618c00000) (1024K)]
  0x0000022c3da11910 WorkerThread "GC Thread#19"                    [id=23720, stack(0x0000009618f00000,0x0000009619000000) (1024K)]
  0x0000022c3da10c20 WorkerThread "GC Thread#20"                    [id=5200, stack(0x0000009619000000,0x0000009619100000) (1024K)]
  0x0000022c3da107d0 WorkerThread "GC Thread#21"                    [id=10232, stack(0x0000009619600000,0x0000009619700000) (1024K)]
  0x0000022c3da121b0 WorkerThread "GC Thread#22"                    [id=9544, stack(0x0000009619700000,0x0000009619800000) (1024K)]
Total: 25

Threads with active compile tasks:
C2 CompilerThread0  381688 19958   !   4       org.eclipse.jdt.internal.compiler.lookup.LookupEnvironment::askForType (576 bytes)
Total: 1

VM state: not at safepoint (normal execution)

VM Mutex/Monitor currently owned by a thread: None

Heap address: 0x0000000080000000, size: 2048 MB, Compressed Oops mode: 32-bit

CDS archive(s) mapped at: [0x0000000026000000-0x0000000026dd0000-0x0000000026dd0000), size 14483456, SharedBaseAddress: 0x0000000026000000, ArchiveRelocationMode: 1.
Compressed class space mapped at: 0x0000000027000000-0x0000000067000000, reserved size: 1073741824
UseCompressedClassPointers 1, UseCompactObjectHeaders 0
Narrow klass pointer bits 32, Max shift 3
Narrow klass base: 0x0000000026000000, Narrow klass shift: 0
Encoding Range: [0x0000000026000000 - 0x0000000126000000), (4294967296 bytes)
Klass Range:    [0x0000000026010000 - 0x0000000067000000), (1090453504 bytes)
Klass ID Range:  [65536 - 1090519033) (1090453497)
Protection zone: [0x0000000026000000 - 0x0000000026010000), (65536 bytes)

GC Precious Log:
 CardTable entry size: 512
 CPUs: 32 total, 32 available
 Memory: 32476M
 Large Page Support: Disabled
 NUMA Support: Disabled
 Compressed Oops: Enabled (32-bit)
 Alignments: Space 512K, Generation 512K, Heap 2M
 Heap Min Capacity: 100M
 Heap Initial Capacity: 100M
 Heap Max Capacity: 2G
 Pre-touch: Disabled
 Parallel Workers: 23

Heap:
 PSYoungGen      total 30208K, used 13595K [0x00000000d5580000, 0x00000000d8000000, 0x0000000100000000)
  eden space 28160K, 41% used [0x00000000d5580000,0x00000000d60c9b98,0x00000000d7100000)
  from space 2048K, 99% used [0x00000000d7180000,0x00000000d737d198,0x00000000d7380000)
  to   space 7680K, 0% used [0x00000000d7880000,0x00000000d7880000,0x00000000d8000000)
 ParOldGen       total 791552K, used 791447K [0x0000000080000000, 0x00000000b0500000, 0x00000000d5580000)
  object space 791552K, 99% used [0x0000000080000000,0x00000000b04e5fa8,0x00000000b0500000)

Card table byte_map: [0x0000022c30970000,0x0000022c30d70000] _byte_map_base: 0x0000022c30570000

Marking Bits: (ParMarkBitMap*) 0x00007ffcbcc4b8e0
 Begin Bits: [0x0000022c31020000, 0x0000022c33020000)

Polling page: 0x0000022c16ed0000

Metaspace:
Metaspace        used 86131K, committed 87808K, reserved 1179648K
 class space     used 9245K, committed 9984K, reserved 1048576K

Usage:
  Non-class:     75.08 MB used.
      Class:      9.03 MB used.
       Both:     84.11 MB used.

Virtual space:
  Non-class space:      128.00 MB reserved,      76.00 MB ( 59%) committed,  2 nodes.
      Class space:        1.00 GB reserved,       9.75 MB ( <1%) committed,  1 nodes.
             Both:        1.12 GB reserved,      85.75 MB (  7%) committed. 

Chunk freelists:
   Non-Class:  3.26 MB
       Class:  6.16 MB
        Both:  9.43 MB

MaxMetaspaceSize: unlimited
CompressedClassSpaceSize: 1.00 GB
Initial GC threshold: 21.00 MB
Current GC threshold: 97.31 MB
CDS: on
 - commit_granule_bytes: 65536.
 - commit_granule_words: 8192.
 - virtual_space_node_default_size: 8388608.
 - enlarge_chunks_in_place: 1.
UseCompressedClassPointers 1, UseCompactObjectHeaders 0
Narrow klass pointer bits 32, Max shift 3
Narrow klass base: 0x0000000026000000, Narrow klass shift: 0
Encoding Range: [0x0000000026000000 - 0x0000000126000000), (4294967296 bytes)
Klass Range:    [0x0000000026010000 - 0x0000000067000000), (1090453504 bytes)
Klass ID Range:  [65536 - 1090519033) (1090453497)
Protection zone: [0x0000000026000000 - 0x0000000026010000), (65536 bytes)


Internal statistics:

num_allocs_failed_limit: 9.
num_arena_births: 1134.
num_arena_deaths: 22.
num_vsnodes_births: 3.
num_vsnodes_deaths: 0.
num_space_committed: 1372.
num_space_uncommitted: 0.
num_chunks_returned_to_freelist: 34.
num_chunks_taken_from_freelist: 4945.
num_chunk_merges: 18.
num_chunk_splits: 3124.
num_chunks_enlarged: 1977.
num_inconsistent_stats: 0.

CodeHeap 'non-profiled nmethods': size=118912Kb used=13309Kb max_used=13309Kb free=105602Kb
 bounds [0x0000022c29370000, 0x0000022c2a070000, 0x0000022c30790000]
CodeHeap 'profiled nmethods': size=118848Kb used=36835Kb max_used=36835Kb free=82012Kb
 bounds [0x0000022c21790000, 0x0000022c23b90000, 0x0000022c28ba0000]
CodeHeap 'non-nmethods': size=8000Kb used=2153Kb max_used=3892Kb free=5846Kb
 bounds [0x0000022c28ba0000, 0x0000022c28f80000, 0x0000022c29370000]
CodeCache: size=245760Kb, used=52297Kb, max_used=54036Kb, free=193460Kb
 total_blobs=19997, nmethods=19145, adapters=752, full_count=0
Compilation: enabled, stopped_count=0, restarted_count=0

Compilation events (20 events):
Event: 381.587 Thread 0x0000022c172315b0 nmethod 19943 0x0000022c2a06bb08 code [0x0000022c2a06bc00, 0x0000022c2a06bdd0]
Event: 381.587 Thread 0x0000022c172315b0 19939       4       org.eclipse.jdt.internal.compiler.ASTVisitor::endVisit (1 bytes)
Event: 381.587 Thread 0x0000022c172315b0 nmethod 19939 0x0000022c2a06be08 code [0x0000022c2a06bf00, 0x0000022c2a06bf78]
Event: 381.587 Thread 0x0000022c172315b0 19938       4       org.eclipse.jdt.internal.compiler.env.IUpdatableModule$UpdateKind::values (22 bytes)
Event: 381.588 Thread 0x0000022c172315b0 nmethod 19938 0x0000022c2a06c108 code [0x0000022c2a06c200, 0x0000022c2a06c308]
Event: 381.588 Thread 0x0000022c172315b0 19952       4       org.eclipse.jdt.internal.core.search.matching.JavaSearchNameEnvironment::indexPackageNames (117 bytes)
Event: 381.596 Thread 0x0000022c40875210 19955       3       org.eclipse.jdt.internal.compiler.env.IModuleAwareNameEnvironment$LookupStrategy$1::matchesWithName (44 bytes)
Event: 381.596 Thread 0x0000022c1722f570 19956       3       org.eclipse.jdt.internal.compiler.env.IModuleAwareNameEnvironment$LookupStrategy$$Lambda/0x0000000027759920::test (5 bytes)
Event: 381.596 Thread 0x0000022c1722f570 nmethod 19956 0x0000022c23b85188 code [0x0000022c23b85280, 0x0000022c23b853e8]
Event: 381.596 Thread 0x0000022c40875210 nmethod 19955 0x0000022c23b85488 code [0x0000022c23b85580, 0x0000022c23b858c0]
Event: 381.597 Thread 0x0000022c40875210 19957       3       lombok.eclipse.handlers.EclipseHandlerUtil::copyType (6 bytes)
Event: 381.597 Thread 0x0000022c40875210 nmethod 19957 0x0000022c23b85908 code [0x0000022c23b85a00, 0x0000022c23b85b20]
Event: 381.599 Thread 0x0000022c40875210 19959       3       org.eclipse.jdt.internal.compiler.ast.Argument::bind (279 bytes)
Event: 381.600 Thread 0x0000022c40875210 nmethod 19959 0x0000022c23b85c08 code [0x0000022c23b85d00, 0x0000022c23b88180]
Event: 381.602 Thread 0x0000022c40875210 19960       3       org.eclipse.jdt.internal.core.CompilationUnit::getFileName (13 bytes)
Event: 381.602 Thread 0x0000022c40875210 nmethod 19960 0x0000022c23b88208 code [0x0000022c23b88300, 0x0000022c23b88830]
Event: 381.604 Thread 0x0000022c1722f570 19961       3       org.eclipse.jdt.internal.core.SourceType::isAnonymous (14 bytes)
Event: 381.605 Thread 0x0000022c1722f570 nmethod 19961 0x0000022c23b88888 code [0x0000022c23b88980, 0x0000022c23b88cd8]
Event: 381.625 Thread 0x0000022c172315b0 nmethod 19952 0x0000022c2a06c408 code [0x0000022c2a06c500, 0x0000022c2a06f6f8]
Event: 381.626 Thread 0x0000022c172315b0 19958   !   4       org.eclipse.jdt.internal.compiler.lookup.LookupEnvironment::askForType (576 bytes)

GC Heap Usage History (20 events):
Event: 204.019 {heap Before GC invocations=281 (full 3):
 PSYoungGen      total 30208K, used 30024K [0x00000000d5580000, 0x00000000d7a00000, 0x0000000100000000)
  eden space 25088K, 100% used [0x00000000d5580000,0x00000000d6e00000,0x00000000d6e00000)
  from space 5120K, 96% used [0x00000000d7200000,0x00000000d76d2008,0x00000000d7700000)
  to   space 3072K, 0% used [0x00000000d7700000,0x00000000d7700000,0x00000000d7a00000)
 ParOldGen       total 776192K, used 775966K [0x0000000080000000, 0x00000000af600000, 0x00000000d558Event: 204.022 {heap After GC invocations=281 (full 3):
 PSYoungGen      total 31232K, used 884K [0x00000000d5580000, 0x00000000d7800000, 0x0000000100000000)
  eden space 30208K, 0% used [0x00000000d5580000,0x00000000d5580000,0x00000000d7300000)
  from space 1024K, 86% used [0x00000000d7700000,0x00000000d77dd240,0x00000000d7800000)
  to   space 2560K, 0% used [0x00000000d7300000,0x00000000d7300000,0x00000000d7580000)
 ParOldGen       total 777728K, used 777470K [0x0000000080000000, 0x00000000af780000, 0x00000000d5580000)Event: 239.594 {heap Before GC invocations=282 (full 3):
 PSYoungGen      total 31232K, used 31092K [0x00000000d5580000, 0x00000000d7800000, 0x0000000100000000)
  eden space 30208K, 100% used [0x00000000d5580000,0x00000000d7300000,0x00000000d7300000)
  from space 1024K, 86% used [0x00000000d7700000,0x00000000d77dd240,0x00000000d7800000)
  to   space 2560K, 0% used [0x00000000d7300000,0x00000000d7300000,0x00000000d7580000)
 ParOldGen       total 777728K, used 777470K [0x0000000080000000, 0x00000000af780000, 0x00000000d558Event: 239.595 {heap After GC invocations=282 (full 3):
 PSYoungGen      total 32768K, used 1464K [0x00000000d5580000, 0x00000000d7780000, 0x0000000100000000)
  eden space 30208K, 0% used [0x00000000d5580000,0x00000000d5580000,0x00000000d7300000)
  from space 2560K, 57% used [0x00000000d7300000,0x00000000d746e070,0x00000000d7580000)
  to   space 2048K, 0% used [0x00000000d7580000,0x00000000d7580000,0x00000000d7780000)
 ParOldGen       total 778240K, used 777971K [0x0000000080000000, 0x00000000af800000, 0x00000000d5580000Event: 368.149 {heap Before GC invocations=283 (full 3):
 PSYoungGen      total 32768K, used 31672K [0x00000000d5580000, 0x00000000d7780000, 0x0000000100000000)
  eden space 30208K, 100% used [0x00000000d5580000,0x00000000d7300000,0x00000000d7300000)
  from space 2560K, 57% used [0x00000000d7300000,0x00000000d746e070,0x00000000d7580000)
  to   space 2048K, 0% used [0x00000000d7580000,0x00000000d7580000,0x00000000d7780000)
 ParOldGen       total 778240K, used 777971K [0x0000000080000000, 0x00000000af800000, 0x00000000d558Event: 368.151 {heap After GC invocations=283 (full 3):
 PSYoungGen      total 31232K, used 2034K [0x00000000d5580000, 0x00000000d7980000, 0x0000000100000000)
  eden space 29184K, 0% used [0x00000000d5580000,0x00000000d5580000,0x00000000d7200000)
  from space 2048K, 99% used [0x00000000d7580000,0x00000000d777c9c0,0x00000000d7780000)
  to   space 3584K, 0% used [0x00000000d7200000,0x00000000d7200000,0x00000000d7580000)
 ParOldGen       total 779264K, used 779127K [0x0000000080000000, 0x00000000af900000, 0x00000000d5580000Event: 368.228 {heap Before GC invocations=284 (full 3):
 PSYoungGen      total 31232K, used 31218K [0x00000000d5580000, 0x00000000d7980000, 0x0000000100000000)
  eden space 29184K, 100% used [0x00000000d5580000,0x00000000d7200000,0x00000000d7200000)
  from space 2048K, 99% used [0x00000000d7580000,0x00000000d777c9c0,0x00000000d7780000)
  to   space 3584K, 0% used [0x00000000d7200000,0x00000000d7200000,0x00000000d7580000)
 ParOldGen       total 779264K, used 779127K [0x0000000080000000, 0x00000000af900000, 0x00000000d558Event: 368.230 {heap After GC invocations=284 (full 3):
 PSYoungGen      total 32256K, used 3581K [0x00000000d5580000, 0x00000000d7d80000, 0x0000000100000000)
  eden space 28672K, 0% used [0x00000000d5580000,0x00000000d5580000,0x00000000d7180000)
  from space 3584K, 99% used [0x00000000d7200000,0x00000000d757f6f0,0x00000000d7580000)
  to   space 6144K, 0% used [0x00000000d7780000,0x00000000d7780000,0x00000000d7d80000)
 ParOldGen       total 780800K, used 780796K [0x0000000080000000, 0x00000000afa80000, 0x00000000d5580000Event: 368.258 {heap Before GC invocations=285 (full 3):
 PSYoungGen      total 32256K, used 32167K [0x00000000d5580000, 0x00000000d7d80000, 0x0000000100000000)
  eden space 28672K, 99% used [0x00000000d5580000,0x00000000d716a5c0,0x00000000d7180000)
  from space 3584K, 99% used [0x00000000d7200000,0x00000000d757f6f0,0x00000000d7580000)
  to   space 6144K, 0% used [0x00000000d7780000,0x00000000d7780000,0x00000000d7d80000)
 ParOldGen       total 780800K, used 780796K [0x0000000080000000, 0x00000000afa80000, 0x00000000d5580Event: 368.259 {heap After GC invocations=285 (full 3):
 PSYoungGen      total 31744K, used 907K [0x00000000d5580000, 0x00000000d7880000, 0x0000000100000000)
  eden space 30720K, 0% used [0x00000000d5580000,0x00000000d5580000,0x00000000d7380000)
  from space 1024K, 88% used [0x00000000d7780000,0x00000000d7862cb8,0x00000000d7880000)
  to   space 2560K, 0% used [0x00000000d7380000,0x00000000d7380000,0x00000000d7600000)
 ParOldGen       total 781312K, used 781124K [0x0000000080000000, 0x00000000afb00000, 0x00000000d5580000)Event: 368.550 {heap Before GC invocations=286 (full 3):
 PSYoungGen      total 31744K, used 31627K [0x00000000d5580000, 0x00000000d7880000, 0x0000000100000000)
  eden space 30720K, 100% used [0x00000000d5580000,0x00000000d7380000,0x00000000d7380000)
  from space 1024K, 88% used [0x00000000d7780000,0x00000000d7862cb8,0x00000000d7880000)
  to   space 2560K, 0% used [0x00000000d7380000,0x00000000d7380000,0x00000000d7600000)
 ParOldGen       total 781312K, used 781124K [0x0000000080000000, 0x00000000afb00000, 0x00000000d558Event: 368.551 {heap After GC invocations=286 (full 3):
 PSYoungGen      total 33280K, used 884K [0x00000000d5580000, 0x00000000d7800000, 0x0000000100000000)
  eden space 30720K, 0% used [0x00000000d5580000,0x00000000d5580000,0x00000000d7380000)
  from space 2560K, 34% used [0x00000000d7380000,0x00000000d745d200,0x00000000d7600000)
  to   space 1536K, 0% used [0x00000000d7680000,0x00000000d7680000,0x00000000d7800000)
 ParOldGen       total 781312K, used 781244K [0x0000000080000000, 0x00000000afb00000, 0x00000000d5580000)Event: 378.571 {heap Before GC invocations=287 (full 3):
 PSYoungGen      total 33280K, used 31604K [0x00000000d5580000, 0x00000000d7800000, 0x0000000100000000)
  eden space 30720K, 100% used [0x00000000d5580000,0x00000000d7380000,0x00000000d7380000)
  from space 2560K, 34% used [0x00000000d7380000,0x00000000d745d200,0x00000000d7600000)
  to   space 1536K, 0% used [0x00000000d7680000,0x00000000d7680000,0x00000000d7800000)
 ParOldGen       total 781312K, used 781244K [0x0000000080000000, 0x00000000afb00000, 0x00000000d558Event: 378.574 {heap After GC invocations=287 (full 3):
 PSYoungGen      total 29184K, used 1516K [0x00000000d5580000, 0x00000000d7f00000, 0x0000000100000000)
  eden space 27648K, 0% used [0x00000000d5580000,0x00000000d5580000,0x00000000d7080000)
  from space 1536K, 98% used [0x00000000d7680000,0x00000000d77fb208,0x00000000d7800000)
  to   space 6144K, 0% used [0x00000000d7080000,0x00000000d7080000,0x00000000d7680000)
 ParOldGen       total 785408K, used 784982K [0x0000000080000000, 0x00000000aff00000, 0x00000000d5580000Event: 380.488 {heap Before GC invocations=288 (full 3):
 PSYoungGen      total 29184K, used 29164K [0x00000000d5580000, 0x00000000d7f00000, 0x0000000100000000)
  eden space 27648K, 100% used [0x00000000d5580000,0x00000000d7080000,0x00000000d7080000)
  from space 1536K, 98% used [0x00000000d7680000,0x00000000d77fb208,0x00000000d7800000)
  to   space 6144K, 0% used [0x00000000d7080000,0x00000000d7080000,0x00000000d7680000)
 ParOldGen       total 785408K, used 784982K [0x0000000080000000, 0x00000000aff00000, 0x00000000d558Event: 380.490 {heap After GC invocations=288 (full 3):
 PSYoungGen      total 29696K, used 2074K [0x00000000d5580000, 0x00000000d7700000, 0x0000000100000000)
  eden space 27136K, 0% used [0x00000000d5580000,0x00000000d5580000,0x00000000d7000000)
  from space 2560K, 81% used [0x00000000d7080000,0x00000000d7286920,0x00000000d7300000)
  to   space 3584K, 0% used [0x00000000d7380000,0x00000000d7380000,0x00000000d7700000)
 ParOldGen       total 785408K, used 785152K [0x0000000080000000, 0x00000000aff00000, 0x00000000d5580000Event: 381.243 {heap Before GC invocations=289 (full 3):
 PSYoungGen      total 29696K, used 29210K [0x00000000d5580000, 0x00000000d7700000, 0x0000000100000000)
  eden space 27136K, 100% used [0x00000000d5580000,0x00000000d7000000,0x00000000d7000000)
  from space 2560K, 81% used [0x00000000d7080000,0x00000000d7286920,0x00000000d7300000)
  to   space 3584K, 0% used [0x00000000d7380000,0x00000000d7380000,0x00000000d7700000)
 ParOldGen       total 785408K, used 785152K [0x0000000080000000, 0x00000000aff00000, 0x00000000d558Event: 381.247 {heap After GC invocations=289 (full 3):
 PSYoungGen      total 31744K, used 1236K [0x00000000d5580000, 0x00000000d7680000, 0x0000000100000000)
  eden space 28672K, 0% used [0x00000000d5580000,0x00000000d5580000,0x00000000d7180000)
  from space 3072K, 40% used [0x00000000d7380000,0x00000000d74b5220,0x00000000d7680000)
  to   space 2048K, 0% used [0x00000000d7180000,0x00000000d7180000,0x00000000d7380000)
 ParOldGen       total 787456K, used 786950K [0x0000000080000000, 0x00000000b0100000, 0x00000000d5580000Event: 381.588 {heap Before GC invocations=290 (full 3):
 PSYoungGen      total 31744K, used 29908K [0x00000000d5580000, 0x00000000d7680000, 0x0000000100000000)
  eden space 28672K, 100% used [0x00000000d5580000,0x00000000d7180000,0x00000000d7180000)
  from space 3072K, 40% used [0x00000000d7380000,0x00000000d74b5220,0x00000000d7680000)
  to   space 2048K, 0% used [0x00000000d7180000,0x00000000d7180000,0x00000000d7380000)
 ParOldGen       total 787456K, used 786950K [0x0000000080000000, 0x00000000b0100000, 0x00000000d558Event: 381.591 {heap After GC invocations=290 (full 3):
 PSYoungGen      total 30208K, used 2036K [0x00000000d5580000, 0x00000000d8000000, 0x0000000100000000)
  eden space 28160K, 0% used [0x00000000d5580000,0x00000000d5580000,0x00000000d7100000)
  from space 2048K, 99% used [0x00000000d7180000,0x00000000d737d198,0x00000000d7380000)
  to   space 7680K, 0% used [0x00000000d7880000,0x00000000d7880000,0x00000000d8000000)
 ParOldGen       total 791552K, used 791447K [0x0000000080000000, 0x00000000b0500000, 0x00000000d5580000
Metaspace Usage History (20 events):
Event: 204.019 {metaspace Before GC invocations=281 (full 3):
 Metaspace       used 84720K, committed 86464K, reserved 1179648K
  class space    used 9062K, committed 9792K, reserved 1048576K
}
Event: 204.022 {metaspace After GC invocations=281 (full 3):
 Metaspace       used 84720K, committed 86464K, reserved 1179648K
  class space    used 9062K, committed 9792K, reserved 1048576K
}
Event: 239.594 {metaspace Before GC invocations=282 (full 3):
 Metaspace       used 84796K, committed 86464K, reserved 1179648K
  class space    used 9062K, committed 9792K, reserved 1048576K
}
Event: 239.595 {metaspace After GC invocations=282 (full 3):
 Metaspace       used 84796K, committed 86464K, reserved 1179648K
  class space    used 9062K, committed 9792K, reserved 1048576K
}
Event: 368.149 {metaspace Before GC invocations=283 (full 3):
 Metaspace       used 84924K, committed 86528K, reserved 1179648K
  class space    used 9068K, committed 9792K, reserved 1048576K
}
Event: 368.151 {metaspace After GC invocations=283 (full 3):
 Metaspace       used 84924K, committed 86528K, reserved 1179648K
  class space    used 9068K, committed 9792K, reserved 1048576K
}
Event: 368.228 {metaspace Before GC invocations=284 (full 3):
 Metaspace       used 85024K, committed 86656K, reserved 1179648K
  class space    used 9072K, committed 9792K, reserved 1048576K
}
Event: 368.230 {metaspace After GC invocations=284 (full 3):
 Metaspace       used 85024K, committed 86656K, reserved 1179648K
  class space    used 9072K, committed 9792K, reserved 1048576K
}
Event: 368.258 {metaspace Before GC invocations=285 (full 3):
 Metaspace       used 85056K, committed 86656K, reserved 1179648K
  class space    used 9072K, committed 9792K, reserved 1048576K
}
Event: 368.259 {metaspace After GC invocations=285 (full 3):
 Metaspace       used 85056K, committed 86656K, reserved 1179648K
  class space    used 9072K, committed 9792K, reserved 1048576K
}
Event: 368.550 {metaspace Before GC invocations=286 (full 3):
 Metaspace       used 85067K, committed 86656K, reserved 1179648K
  class space    used 9072K, committed 9792K, reserved 1048576K
}
Event: 368.551 {metaspace After GC invocations=286 (full 3):
 Metaspace       used 85067K, committed 86656K, reserved 1179648K
  class space    used 9072K, committed 9792K, reserved 1048576K
}
Event: 378.571 {metaspace Before GC invocations=287 (full 3):
 Metaspace       used 85097K, committed 86720K, reserved 1179648K
  class space    used 9073K, committed 9792K, reserved 1048576K
}
Event: 378.574 {metaspace After GC invocations=287 (full 3):
 Metaspace       used 85097K, committed 86720K, reserved 1179648K
  class space    used 9073K, committed 9792K, reserved 1048576K
}
Event: 380.488 {metaspace Before GC invocations=288 (full 3):
 Metaspace       used 85318K, committed 86912K, reserved 1179648K
  class space    used 9121K, committed 9856K, reserved 1048576K
}
Event: 380.490 {metaspace After GC invocations=288 (full 3):
 Metaspace       used 85318K, committed 86912K, reserved 1179648K
  class space    used 9121K, committed 9856K, reserved 1048576K
}
Event: 381.243 {metaspace Before GC invocations=289 (full 3):
 Metaspace       used 85959K, committed 87552K, reserved 1179648K
  class space    used 9225K, committed 9920K, reserved 1048576K
}
Event: 381.247 {metaspace After GC invocations=289 (full 3):
 Metaspace       used 85959K, committed 87552K, reserved 1179648K
  class space    used 9225K, committed 9920K, reserved 1048576K
}
Event: 381.588 {metaspace Before GC invocations=290 (full 3):
 Metaspace       used 86126K, committed 87808K, reserved 1179648K
  class space    used 9245K, committed 9984K, reserved 1048576K
}
Event: 381.591 {metaspace After GC invocations=290 (full 3):
 Metaspace       used 86126K, committed 87808K, reserved 1179648K
  class space    used 9245K, committed 9984K, reserved 1048576K
}

Dll operation events (14 events):
Event: 0.007 Loaded shared library C:\Users\Advait\AppData\Local\Programs\Eclipse Adoptium\jdk-25.0.2.10-hotspot\bin\java.dll
Event: 0.044 Loaded shared library C:\Users\Advait\AppData\Local\Programs\Eclipse Adoptium\jdk-25.0.2.10-hotspot\bin\zip.dll
Event: 0.045 Loaded shared library C:\Users\Advait\AppData\Local\Programs\Eclipse Adoptium\jdk-25.0.2.10-hotspot\bin\instrument.dll
Event: 0.047 Loaded shared library C:\Users\Advait\AppData\Local\Programs\Eclipse Adoptium\jdk-25.0.2.10-hotspot\bin\net.dll
Event: 0.048 Loaded shared library C:\Users\Advait\AppData\Local\Programs\Eclipse Adoptium\jdk-25.0.2.10-hotspot\bin\nio.dll
Event: 0.049 Loaded shared library C:\Users\Advait\AppData\Local\Programs\Eclipse Adoptium\jdk-25.0.2.10-hotspot\bin\zip.dll
Event: 0.058 Loaded shared library C:\Users\Advait\AppData\Local\Programs\Eclipse Adoptium\jdk-25.0.2.10-hotspot\bin\jimage.dll
Event: 0.090 Loaded shared library C:\Users\Advait\AppData\Local\Programs\Eclipse Adoptium\jdk-25.0.2.10-hotspot\bin\verify.dll
Event: 0.485 Loaded shared library C:\Users\Advait\AppData\Roaming\Code\User\globalStorage\redhat.java\1.53.0\config_win\org.eclipse.equinox.launcher\org.eclipse.equinox.launcher.win32.win32.x86_64_1.3.0.v20260203-2149\eclipse_11919.dll
Event: 0.868 Loaded shared library C:\Users\Advait\AppData\Local\Programs\Eclipse Adoptium\jdk-25.0.2.10-hotspot\bin\management.dll
Event: 0.869 Loaded shared library C:\Users\Advait\AppData\Local\Programs\Eclipse Adoptium\jdk-25.0.2.10-hotspot\bin\management_ext.dll
Event: 1.460 Loaded shared library C:\Users\Advait\AppData\Local\Temp\jna-1956858841\jna16578272824432625831.dll
Event: 1.623 Loaded shared library C:\Users\Advait\AppData\Local\Programs\Eclipse Adoptium\jdk-25.0.2.10-hotspot\bin\sunmscapi.dll
Event: 1.683 Loaded shared library C:\Users\Advait\AppData\Local\Programs\Eclipse Adoptium\jdk-25.0.2.10-hotspot\bin\extnet.dll

Deoptimization events (20 events):
Event: 381.253 Thread 0x0000022c3db4b570 Uncommon trap: trap_request=0xffffffc6 fr.pc=0x0000022c294650d0 relative=0x00000000000001d0
Event: 381.253 Thread 0x0000022c3db4b570 Uncommon trap: reason=bimorphic_or_optimized_type_check action=maybe_recompile pc=0x0000022c294650d0 method=jdk.internal.classfile.impl.AbstractPoolEntry.maybeClone(Ljava/lang/classfile/constantpool/ConstantPoolBuilder;Ljava/lang/classfile/constantpool/Po
Event: 381.253 Thread 0x0000022c3db4b570 DEOPT PACKING pc=0x0000022c294650d0 sp=0x000000961b5fca70
Event: 381.253 Thread 0x0000022c3db4b570 DEOPT UNPACKING pc=0x0000022c28cb6982 sp=0x000000961b5fc9a8 mode 2
Event: 381.253 Thread 0x0000022c3db4b570 Uncommon trap: trap_request=0xffffffc6 fr.pc=0x0000022c294650d0 relative=0x00000000000001d0
Event: 381.253 Thread 0x0000022c3db4b570 Uncommon trap: reason=bimorphic_or_optimized_type_check action=maybe_recompile pc=0x0000022c294650d0 method=jdk.internal.classfile.impl.AbstractPoolEntry.maybeClone(Ljava/lang/classfile/constantpool/ConstantPoolBuilder;Ljava/lang/classfile/constantpool/Po
Event: 381.253 Thread 0x0000022c3db4b570 DEOPT PACKING pc=0x0000022c294650d0 sp=0x000000961b5fcb10
Event: 381.253 Thread 0x0000022c3db4b570 DEOPT UNPACKING pc=0x0000022c28cb6982 sp=0x000000961b5fca48 mode 2
Event: 381.253 Thread 0x0000022c3db4b570 Uncommon trap: trap_request=0xffffffc6 fr.pc=0x0000022c29f4478c relative=0x000000000000040c
Event: 381.253 Thread 0x0000022c3db4b570 Uncommon trap: reason=bimorphic_or_optimized_type_check action=maybe_recompile pc=0x0000022c29f4478c method=java.util.stream.AbstractPipeline.evaluate(Ljava/util/Spliterator;ZLjava/util/function/IntFunction;)Ljava/util/stream/Node; @ 38 c2
Event: 381.253 Thread 0x0000022c3db4b570 DEOPT PACKING pc=0x0000022c29f4478c sp=0x000000961b5fe430
Event: 381.253 Thread 0x0000022c3db4b570 DEOPT UNPACKING pc=0x0000022c28cb6982 sp=0x000000961b5fe390 mode 2
Event: 381.379 Thread 0x0000022c3db4b570 Uncommon trap: trap_request=0xffffffc6 fr.pc=0x0000022c29e0ac0c relative=0x000000000000088c
Event: 381.379 Thread 0x0000022c3db4b570 Uncommon trap: reason=bimorphic_or_optimized_type_check action=maybe_recompile pc=0x0000022c29e0ac0c method=java.util.regex.Pattern$CharProperty.match(Ljava/util/regex/Matcher;ILjava/lang/CharSequence;)Z @ 37 c2
Event: 381.379 Thread 0x0000022c3db4b570 DEOPT PACKING pc=0x0000022c29e0ac0c sp=0x000000961b5fe310
Event: 381.379 Thread 0x0000022c3db4b570 DEOPT UNPACKING pc=0x0000022c28cb6982 sp=0x000000961b5fe250 mode 2
Event: 381.379 Thread 0x0000022c3db4b570 Uncommon trap: trap_request=0xffffffc6 fr.pc=0x0000022c29f4478c relative=0x000000000000040c
Event: 381.379 Thread 0x0000022c3db4b570 Uncommon trap: reason=bimorphic_or_optimized_type_check action=maybe_recompile pc=0x0000022c29f4478c method=java.util.stream.AbstractPipeline.evaluate(Ljava/util/Spliterator;ZLjava/util/function/IntFunction;)Ljava/util/stream/Node; @ 38 c2
Event: 381.379 Thread 0x0000022c3db4b570 DEOPT PACKING pc=0x0000022c29f4478c sp=0x000000961b5fe440
Event: 381.379 Thread 0x0000022c3db4b570 DEOPT UNPACKING pc=0x0000022c28cb6982 sp=0x000000961b5fe3a0 mode 2

Classes loaded (20 events):
Event: 172.319 Loading class jdk/internal/module/IllegalAccessLogger
Event: 172.319 Loading class jdk/internal/module/IllegalAccessLogger done
Event: 178.466 Loading class jdk/internal/module/IllegalAccessLogger
Event: 178.466 Loading class jdk/internal/module/IllegalAccessLogger done
Event: 181.778 Loading class java/util/LinkedList$LLSpliterator
Event: 181.778 Loading class java/util/LinkedList$LLSpliterator done
Event: 182.781 Loading class jdk/internal/module/IllegalAccessLogger
Event: 182.781 Loading class jdk/internal/module/IllegalAccessLogger done
Event: 182.811 Loading class jdk/internal/module/IllegalAccessLogger
Event: 182.811 Loading class jdk/internal/module/IllegalAccessLogger done
Event: 381.253 Loading class java/util/stream/ReferencePipeline$4
Event: 381.253 Loading class java/util/stream/ReferencePipeline$4 done
Event: 381.253 Loading class java/util/stream/Nodes$IntFixedNodeBuilder
Event: 381.253 Loading class java/util/stream/Node$Builder$OfInt
Event: 381.253 Loading class java/util/stream/Node$Builder$OfInt done
Event: 381.253 Loading class java/util/stream/Nodes$IntArrayNode
Event: 381.253 Loading class java/util/stream/Nodes$IntArrayNode done
Event: 381.253 Loading class java/util/stream/Nodes$IntFixedNodeBuilder done
Event: 381.253 Loading class java/util/stream/ReferencePipeline$4$1
Event: 381.253 Loading class java/util/stream/ReferencePipeline$4$1 done

Classes unloaded (11 events):
Event: 1.155 Thread 0x0000022c172bf280 Unloading class 0x000000002718bc00 'java/lang/invoke/LambdaForm$MH+0x000000002718bc00'
Event: 1.155 Thread 0x0000022c172bf280 Unloading class 0x000000002718b800 'java/lang/invoke/LambdaForm$MH+0x000000002718b800'
Event: 1.155 Thread 0x0000022c172bf280 Unloading class 0x000000002718b400 'java/lang/invoke/LambdaForm$MH+0x000000002718b400'
Event: 1.155 Thread 0x0000022c172bf280 Unloading class 0x000000002718b000 'java/lang/invoke/LambdaForm$MH+0x000000002718b000'
Event: 1.155 Thread 0x0000022c172bf280 Unloading class 0x000000002718ac00 'java/lang/invoke/LambdaForm$BMH+0x000000002718ac00'
Event: 1.155 Thread 0x0000022c172bf280 Unloading class 0x000000002718a800 'java/lang/invoke/LambdaForm$DMH+0x000000002718a800'
Event: 1.155 Thread 0x0000022c172bf280 Unloading class 0x0000000027189000 'java/lang/invoke/LambdaForm$DMH+0x0000000027189000'
Event: 4.117 Thread 0x0000022c172bf280 Unloading class 0x000000002764d000 'java/lang/invoke/LambdaForm$DMH+0x000000002764d000'
Event: 4.117 Thread 0x0000022c172bf280 Unloading class 0x000000002764cc00 'java/lang/invoke/LambdaForm$DMH+0x000000002764cc00'
Event: 4.117 Thread 0x0000022c172bf280 Unloading class 0x000000002764c800 'java/lang/invoke/LambdaForm$DMH+0x000000002764c800'
Event: 4.117 Thread 0x0000022c172bf280 Unloading class 0x000000002764c400 'java/lang/invoke/LambdaForm$DMH+0x000000002764c400'

Classes redefined (0 events):
No events

Internal exceptions (20 events):
Event: 181.721 Thread 0x0000022c4c60ad20 Exception <a 'sun/nio/fs/WindowsException'{0x00000000d5b28850}> (0x00000000d5b28850) 
thrown [s\src\hotspot\share\prims\jni.cpp, line 516]
Event: 181.726 Thread 0x0000022c3c68b440 Exception <a 'sun/nio/fs/WindowsException'{0x00000000d5c37d20}> (0x00000000d5c37d20) 
thrown [s\src\hotspot\share\prims\jni.cpp, line 516]
Event: 181.733 Thread 0x0000022c3ede1f90 Exception <a 'sun/nio/fs/WindowsException'{0x00000000d60c9b28}> (0x00000000d60c9b28) 
thrown [s\src\hotspot\share\prims\jni.cpp, line 516]
Event: 181.733 Thread 0x0000022c3ede1f90 Exception <a 'sun/nio/fs/WindowsException'{0x00000000d60ca628}> (0x00000000d60ca628) 
thrown [s\src\hotspot\share\prims\jni.cpp, line 516]
Event: 182.037 Thread 0x0000022c3ea97dd0 Exception <a 'java/io/IOException'{0x00000000d6c33170}> (0x00000000d6c33170) 
thrown [s\src\hotspot\share\prims\jni.cpp, line 516]
Event: 182.038 Thread 0x0000022c3ea97dd0 Exception <a 'java/io/IOException'{0x00000000d6c5adf8}> (0x00000000d6c5adf8) 
thrown [s\src\hotspot\share\prims\jni.cpp, line 516]
Event: 182.038 Thread 0x0000022c3ea97dd0 Exception <a 'java/io/IOException'{0x00000000d6c72a10}> (0x00000000d6c72a10) 
thrown [s\src\hotspot\share\prims\jni.cpp, line 516]
Event: 182.122 Thread 0x0000022c3fdd3830 Implicit null exception at 0x0000022c29d40853 to 0x0000022c29d408c8
Event: 182.762 Thread 0x0000022c3ede1f90 Exception <a 'sun/nio/fs/WindowsException'{0x00000000d59fa070}> (0x00000000d59fa070) 
thrown [s\src\hotspot\share\prims\jni.cpp, line 516]
Event: 182.762 Thread 0x0000022c3edeac30 Exception <a 'sun/nio/fs/WindowsException'{0x00000000d5a01518}> (0x00000000d5a01518) 
thrown [s\src\hotspot\share\prims\jni.cpp, line 516]
Event: 182.762 Thread 0x0000022c3d2634f0 Exception <a 'sun/nio/fs/WindowsException'{0x00000000d5a12f48}> (0x00000000d5a12f48) 
thrown [s\src\hotspot\share\prims\jni.cpp, line 516]
Event: 182.814 Thread 0x0000022c3ede1f90 Exception <a 'sun/nio/fs/WindowsException'{0x00000000d59f04a0}> (0x00000000d59f04a0) 
thrown [s\src\hotspot\share\prims\jni.cpp, line 516]
Event: 182.814 Thread 0x0000022c3ede1f90 Exception <a 'sun/nio/fs/WindowsException'{0x00000000d59f0c88}> (0x00000000d59f0c88) 
thrown [s\src\hotspot\share\prims\jni.cpp, line 516]
Event: 305.075 Thread 0x0000022c3ede1f90 Exception <a 'sun/nio/fs/WindowsException'{0x00000000d5c090b0}> (0x00000000d5c090b0) 
thrown [s\src\hotspot\share\prims\jni.cpp, line 516]
Event: 305.075 Thread 0x0000022c3ede1f90 Exception <a 'sun/nio/fs/WindowsException'{0x00000000d5c09b48}> (0x00000000d5c09b48) 
thrown [s\src\hotspot\share\prims\jni.cpp, line 516]
Event: 368.160 Thread 0x0000022c3fdcf1e0 Exception <a 'java/lang/NoSuchMethodError'{0x00000000d57fc5d0}: 'java.lang.Object java.lang.invoke.DirectMethodHandle$Holder.newInvokeSpecial(java.lang.Object, java.lang.Object, int, java.lang.Object, java.lang.Object, java.lang.Object, java.lang.Object)'> (0x00000000d57fc5d0) 
thrown [s\src\hotspot\share\interpreter\linkResolver.cpp, line 804]
Event: 368.160 Thread 0x0000022c3fdcf1e0 Exception <a 'java/lang/NoSuchMethodError'{0x00000000d5808e90}: 'java.lang.Object java.lang.invoke.Invokers$Holder.linkToTargetMethod(java.lang.Object, int, java.lang.Object, java.lang.Object, java.lang.Object, java.lang.Object, java.lang.Object)'> (0x00000000d5808e90) 
thrown [s\src\hotspot\share\interpreter\linkResolver.cpp, line 804]
Event: 377.768 Thread 0x0000022c3db4b570 Implicit null exception at 0x0000022c29fd7184 to 0x0000022c29fd7584
Event: 377.768 Thread 0x0000022c3db4b570 Implicit null exception at 0x0000022c29d41286 to 0x0000022c29d416d0
Event: 381.164 Thread 0x0000022c3db4b570 Exception <a 'java/lang/NoSuchMethodError'{0x00000000d60ec448}: 'java.lang.Object java.lang.invoke.DirectMethodHandle$Holder.invokeStatic(java.lang.Object, int, java.lang.Object)'> (0x00000000d60ec448) 
thrown [s\src\hotspot\share\interpreter\linkResolver.cpp, line 804]

VM Operations (20 events):
Event: 368.258 Executing safepoint VM operation: ParallelCollectForAllocation (Allocation Failure)
Event: 368.259 Executing safepoint VM operation: ParallelCollectForAllocation (Allocation Failure) done
Event: 368.550 Executing safepoint VM operation: ParallelCollectForAllocation (Allocation Failure)
Event: 368.551 Executing safepoint VM operation: ParallelCollectForAllocation (Allocation Failure) done
Event: 378.571 Executing safepoint VM operation: ParallelCollectForAllocation (Allocation Failure)
Event: 378.574 Executing safepoint VM operation: ParallelCollectForAllocation (Allocation Failure) done
Event: 380.488 Executing safepoint VM operation: ParallelCollectForAllocation (Allocation Failure)
Event: 380.490 Executing safepoint VM operation: ParallelCollectForAllocation (Allocation Failure) done
Event: 381.218 Executing non-safepoint VM operation: HandshakeAllThreads (Deoptimize)
Event: 381.218 Executing non-safepoint VM operation: HandshakeAllThreads (Deoptimize) done
Event: 381.224 Executing non-safepoint VM operation: HandshakeAllThreads (Deoptimize)
Event: 381.224 Executing non-safepoint VM operation: HandshakeAllThreads (Deoptimize) done
Event: 381.228 Executing non-safepoint VM operation: HandshakeAllThreads (Deoptimize)
Event: 381.229 Executing non-safepoint VM operation: HandshakeAllThreads (Deoptimize) done
Event: 381.229 Executing non-safepoint VM operation: HandshakeAllThreads (Deoptimize)
Event: 381.229 Executing non-safepoint VM operation: HandshakeAllThreads (Deoptimize) done
Event: 381.243 Executing safepoint VM operation: ParallelCollectForAllocation (Allocation Failure)
Event: 381.247 Executing safepoint VM operation: ParallelCollectForAllocation (Allocation Failure) done
Event: 381.588 Executing safepoint VM operation: ParallelCollectForAllocation (Allocation Failure)
Event: 381.591 Executing safepoint VM operation: ParallelCollectForAllocation (Allocation Failure) done

Memory protections (0 events):
No events

Nmethod flushes (20 events):
Event: 4.128 Thread 0x0000022c172bf280 flushing  nmethod 0x0000022c21f00288
Event: 4.128 Thread 0x0000022c172bf280 flushing  nmethod 0x0000022c21f00588
Event: 4.128 Thread 0x0000022c172bf280 flushing  nmethod 0x0000022c21f01588
Event: 4.128 Thread 0x0000022c172bf280 flushing  nmethod 0x0000022c21f1cd08
Event: 4.128 Thread 0x0000022c172bf280 flushing  nmethod 0x0000022c21f1d508
Event: 4.128 Thread 0x0000022c172bf280 flushing  nmethod 0x0000022c21f2b088
Event: 4.128 Thread 0x0000022c172bf280 flushing  nmethod 0x0000022c21f2f288
Event: 4.128 Thread 0x0000022c172bf280 flushing  nmethod 0x0000022c21f37d88
Event: 4.128 Thread 0x0000022c172bf280 flushing  nmethod 0x0000022c21f40408
Event: 4.128 Thread 0x0000022c172bf280 flushing  nmethod 0x0000022c21f60908
Event: 4.128 Thread 0x0000022c172bf280 flushing  nmethod 0x0000022c21f8a988
Event: 4.128 Thread 0x0000022c172bf280 flushing  nmethod 0x0000022c21f8b908
Event: 4.128 Thread 0x0000022c172bf280 flushing  nmethod 0x0000022c21f8bf08
Event: 4.128 Thread 0x0000022c172bf280 flushing  nmethod 0x0000022c21f8c808
Event: 4.128 Thread 0x0000022c172bf280 flushing  nmethod 0x0000022c21f9c688
Event: 4.128 Thread 0x0000022c172bf280 flushing  nmethod 0x0000022c21fb6908
Event: 4.128 Thread 0x0000022c172bf280 flushing  nmethod 0x0000022c21fb7408
Event: 4.128 Thread 0x0000022c172bf280 flushing  nmethod 0x0000022c21fbc688
Event: 4.128 Thread 0x0000022c172bf280 flushing  nmethod 0x0000022c21fd6808
Event: 4.128 Thread 0x0000022c172bf280 flushing  nmethod 0x0000022c22005288

Events (20 events):
Event: 289.942 Thread 0x0000022c3fdd3830 Thread exited: 0x0000022c3fdd3830
Event: 299.586 Thread 0x0000022c3eded340 Thread exited: 0x0000022c3eded340
Event: 304.871 Thread 0x0000022c3dbeb9c0 Thread exited: 0x0000022c3dbeb9c0
Event: 305.073 Thread 0x0000022c3ede1f90 Thread added: 0x0000022c424f48e0
Event: 305.074 Thread 0x0000022c424f48e0 Thread exited: 0x0000022c424f48e0
Event: 305.075 Thread 0x0000022c3ede1f90 Thread added: 0x0000022c424f1230
Event: 305.076 Thread 0x0000022c424f1230 Thread exited: 0x0000022c424f1230
Event: 305.078 Thread 0x0000022c172315b0 Thread added: 0x0000022c516320c0
Event: 310.081 Thread 0x0000022c516320c0 Thread exited: 0x0000022c516320c0
Event: 368.149 Thread 0x0000022c1722f570 Thread added: 0x0000022c4c4f08f0
Event: 368.162 Thread 0x0000022c4c4f08f0 Thread added: 0x0000022c406d13d0
Event: 368.278 Thread 0x0000022c406d13d0 Thread added: 0x0000022c40197100
Event: 368.542 Thread 0x0000022c40197100 Thread exited: 0x0000022c40197100
Event: 373.555 Thread 0x0000022c4c4f08f0 Thread exited: 0x0000022c4c4f08f0
Event: 373.559 Thread 0x0000022c406d13d0 Thread exited: 0x0000022c406d13d0
Event: 377.780 Thread 0x0000022c1722f570 Thread added: 0x0000022c4c4b2480
Event: 378.264 Thread 0x0000022c4c4b2480 Thread exited: 0x0000022c4c4b2480
Event: 381.248 Thread 0x0000022c172315b0 Thread added: 0x0000022c40875a20
Event: 381.248 Thread 0x0000022c172315b0 Thread added: 0x0000022c40875210
Event: 381.363 Thread 0x0000022c40875a20 Thread exited: 0x0000022c40875a20


Dynamic libraries:
0x00007ff6b5eb0000 - 0x00007ff6b5ebe000 	C:\Users\Advait\AppData\Local\Programs\Eclipse Adoptium\jdk-25.0.2.10-hotspot\bin\java.exe
0x00007ffd7f420000 - 0x00007ffd7f687000 	C:\WINDOWS\SYSTEM32\ntdll.dll
0x00007ffd7e480000 - 0x00007ffd7e549000 	C:\WINDOWS\System32\KERNEL32.DLL
0x00007ffd7bcf0000 - 0x00007ffd7c0e4000 	C:\WINDOWS\System32\KERNELBASE.dll
0x00007ffd7c0f0000 - 0x00007ffd7c23b000 	C:\WINDOWS\System32\ucrtbase.dll
0x00007ffd64d00000 - 0x00007ffd64d1e000 	C:\Users\Advait\AppData\Local\Programs\Eclipse Adoptium\jdk-25.0.2.10-hotspot\bin\VCRUNTIME140.dll
0x00007ffd6c920000 - 0x00007ffd6c936000 	C:\Users\Advait\AppData\Local\Programs\Eclipse Adoptium\jdk-25.0.2.10-hotspot\bin\jli.dll
0x00007ffd7d480000 - 0x00007ffd7d645000 	C:\WINDOWS\System32\USER32.dll
0x00007ffd53120000 - 0x00007ffd533b3000 	C:\WINDOWS\WinSxS\amd64_microsoft.windows.common-controls_6595b64144ccf1df_6.0.26100.8115_none_3e075c82e3354f9c\COMCTL32.dll
0x00007ffd7c520000 - 0x00007ffd7c547000 	C:\WINDOWS\System32\win32u.dll
0x00007ffd7e7a0000 - 0x00007ffd7e849000 	C:\WINDOWS\System32\msvcrt.dll
0x00007ffd7e550000 - 0x00007ffd7e57b000 	C:\WINDOWS\System32\GDI32.dll
0x00007ffd7cfd0000 - 0x00007ffd7d0fa000 	C:\WINDOWS\System32\gdi32full.dll
0x00007ffd7c470000 - 0x00007ffd7c513000 	C:\WINDOWS\System32\msvcp_win.dll
0x00007ffd7e760000 - 0x00007ffd7e792000 	C:\WINDOWS\System32\IMM32.DLL
0x00007ffd75260000 - 0x00007ffd7526c000 	C:\Users\Advait\AppData\Local\Programs\Eclipse Adoptium\jdk-25.0.2.10-hotspot\bin\vcruntime140_1.dll
0x00007ffd42a60000 - 0x00007ffd42aed000 	C:\Users\Advait\AppData\Local\Programs\Eclipse Adoptium\jdk-25.0.2.10-hotspot\bin\msvcp140.dll
0x00007ffcbbe10000 - 0x00007ffcbcd36000 	C:\Users\Advait\AppData\Local\Programs\Eclipse Adoptium\jdk-25.0.2.10-hotspot\bin\server\jvm.dll
0x00007ffd7d350000 - 0x00007ffd7d406000 	C:\WINDOWS\System32\ADVAPI32.dll
0x00007ffd7e580000 - 0x00007ffd7e627000 	C:\WINDOWS\System32\sechost.dll
0x00007ffd7e170000 - 0x00007ffd7e288000 	C:\WINDOWS\System32\RPCRT4.dll
0x00007ffd7d2b0000 - 0x00007ffd7d330000 	C:\WINDOWS\System32\WS2_32.dll
0x00007ffd7a910000 - 0x00007ffd7a96e000 	C:\WINDOWS\SYSTEM32\POWRPROF.dll
0x00007ffd6ff40000 - 0x00007ffd6ff4b000 	C:\WINDOWS\SYSTEM32\VERSION.dll
0x00007ffd68490000 - 0x00007ffd684c6000 	C:\WINDOWS\SYSTEM32\WINMM.dll
0x00007ffd7a8f0000 - 0x00007ffd7a904000 	C:\WINDOWS\SYSTEM32\UMPDC.dll
0x00007ffd7ab00000 - 0x00007ffd7ab1b000 	C:\WINDOWS\SYSTEM32\kernel.appcore.dll
0x00007ffd72840000 - 0x00007ffd7284a000 	C:\Users\Advait\AppData\Local\Programs\Eclipse Adoptium\jdk-25.0.2.10-hotspot\bin\jimage.dll
0x00007ffd79960000 - 0x00007ffd79ba2000 	C:\WINDOWS\SYSTEM32\DBGHELP.DLL
0x00007ffd7f050000 - 0x00007ffd7f3d2000 	C:\WINDOWS\System32\combase.dll
0x00007ffd7e680000 - 0x00007ffd7e757000 	C:\WINDOWS\System32\OLEAUT32.dll
0x00007ffd526f0000 - 0x00007ffd5272b000 	C:\WINDOWS\SYSTEM32\dbgcore.DLL
0x00007ffd7d100000 - 0x00007ffd7d1a5000 	C:\WINDOWS\System32\bcryptPrimitives.dll
0x00007ffd5bc50000 - 0x00007ffd5bc5f000 	C:\Users\Advait\AppData\Local\Programs\Eclipse Adoptium\jdk-25.0.2.10-hotspot\bin\instrument.dll
0x00007ffd58a40000 - 0x00007ffd58a5e000 	C:\Users\Advait\AppData\Local\Programs\Eclipse Adoptium\jdk-25.0.2.10-hotspot\bin\java.dll
0x00007ffd7e850000 - 0x00007ffd7e9e7000 	C:\WINDOWS\System32\ole32.dll
0x00007ffd7d700000 - 0x00007ffd7de66000 	C:\WINDOWS\System32\SHELL32.dll
0x00007ffd7c240000 - 0x00007ffd7c3aa000 	C:\WINDOWS\System32\wintypes.dll
0x00007ffd7c550000 - 0x00007ffd7cdb5000 	C:\WINDOWS\System32\windows.storage.dll
0x00007ffd7d1b0000 - 0x00007ffd7d2a7000 	C:\WINDOWS\System32\SHCORE.dll
0x00007ffd7d410000 - 0x00007ffd7d476000 	C:\WINDOWS\System32\shlwapi.dll
0x00007ffd7bc10000 - 0x00007ffd7bc39000 	C:\WINDOWS\SYSTEM32\profapi.dll
0x00007ffd4c6d0000 - 0x00007ffd4c6e7000 	C:\Users\Advait\AppData\Local\Programs\Eclipse Adoptium\jdk-25.0.2.10-hotspot\bin\zip.dll
0x00007ffd4c6b0000 - 0x00007ffd4c6c1000 	C:\Users\Advait\AppData\Local\Programs\Eclipse Adoptium\jdk-25.0.2.10-hotspot\bin\net.dll
0x00007ffd7b110000 - 0x00007ffd7b17c000 	C:\WINDOWS\system32\mswsock.dll
0x00007ffd44940000 - 0x00007ffd44956000 	C:\Users\Advait\AppData\Local\Programs\Eclipse Adoptium\jdk-25.0.2.10-hotspot\bin\nio.dll
0x00007ffd589a0000 - 0x00007ffd589b0000 	C:\Users\Advait\AppData\Local\Programs\Eclipse Adoptium\jdk-25.0.2.10-hotspot\bin\verify.dll
0x00007ffd3a720000 - 0x00007ffd3a765000 	C:\Users\Advait\AppData\Roaming\Code\User\globalStorage\redhat.java\1.53.0\config_win\org.eclipse.equinox.launcher\org.eclipse.equinox.launcher.win32.win32.x86_64_1.3.0.v20260203-2149\eclipse_11919.dll
0x00007ffd526e0000 - 0x00007ffd526ea000 	C:\Users\Advait\AppData\Local\Programs\Eclipse Adoptium\jdk-25.0.2.10-hotspot\bin\management.dll
0x00007ffd523a0000 - 0x00007ffd523ac000 	C:\Users\Advait\AppData\Local\Programs\Eclipse Adoptium\jdk-25.0.2.10-hotspot\bin\management_ext.dll
0x00007ffd7e290000 - 0x00007ffd7e298000 	C:\WINDOWS\System32\PSAPI.DLL
0x00007ffd7b3f0000 - 0x00007ffd7b40b000 	C:\WINDOWS\SYSTEM32\CRYPTSP.dll
0x00007ffd7ab20000 - 0x00007ffd7ab59000 	C:\WINDOWS\system32\rsaenh.dll
0x00007ffd7b1c0000 - 0x00007ffd7b1f3000 	C:\WINDOWS\SYSTEM32\USERENV.dll
0x00007ffd7bbe0000 - 0x00007ffd7bc0a000 	C:\WINDOWS\SYSTEM32\bcrypt.dll
0x00007ffd7b410000 - 0x00007ffd7b41c000 	C:\WINDOWS\SYSTEM32\CRYPTBASE.dll
0x00007ffd7a660000 - 0x00007ffd7a692000 	C:\WINDOWS\SYSTEM32\IPHLPAPI.DLL
0x00007ffd7d340000 - 0x00007ffd7d34a000 	C:\WINDOWS\System32\NSI.dll
0x00007ffd26860000 - 0x00007ffd268a9000 	C:\Users\Advait\AppData\Local\Temp\jna-1956858841\jna16578272824432625831.dll
0x00007ffd726d0000 - 0x00007ffd727fd000 	C:\WINDOWS\SYSTEM32\winhttp.dll
0x00007ffd746a0000 - 0x00007ffd746bd000 	C:\WINDOWS\SYSTEM32\dhcpcsvc6.DLL
0x00007ffd73890000 - 0x00007ffd738b5000 	C:\WINDOWS\SYSTEM32\dhcpcsvc.DLL
0x00007ffd512c0000 - 0x00007ffd512ce000 	C:\Users\Advait\AppData\Local\Programs\Eclipse Adoptium\jdk-25.0.2.10-hotspot\bin\sunmscapi.dll
0x00007ffd7ce50000 - 0x00007ffd7cfc7000 	C:\WINDOWS\System32\CRYPT32.dll
0x00007ffd7b610000 - 0x00007ffd7b640000 	C:\WINDOWS\SYSTEM32\ncrypt.dll
0x00007ffd7b5c0000 - 0x00007ffd7b5ff000 	C:\WINDOWS\SYSTEM32\NTASN1.dll
0x00007ffd7a6a0000 - 0x00007ffd7a7d2000 	C:\WINDOWS\SYSTEM32\DNSAPI.dll
0x00007ffd73240000 - 0x00007ffd7324b000 	C:\Windows\System32\rasadhlp.dll
0x00007ffd75380000 - 0x00007ffd75406000 	C:\WINDOWS\System32\fwpuclnt.dll
0x00007ffd511a0000 - 0x00007ffd511a9000 	C:\Users\Advait\AppData\Local\Programs\Eclipse Adoptium\jdk-25.0.2.10-hotspot\bin\extnet.dll

JVMTI agents:
c:\Users\Advait\.vscode\extensions\redhat.java-1.53.0\lombok\lombok-1.18.39-4050.jar path:C:\Users\Advait\AppData\Local\Programs\Eclipse Adoptium\jdk-25.0.2.10-hotspot\bin\instrument.dll, loaded, initialized, instrumentlib options:none

dbghelp: loaded successfully - version: 4.0.5 - missing functions: none
symbol engine: initialized successfully - sym options: 0x614 - pdb path: .;C:\Users\Advait\AppData\Local\Programs\Eclipse Adoptium\jdk-25.0.2.10-hotspot\bin;C:\WINDOWS\SYSTEM32;C:\WINDOWS\WinSxS\amd64_microsoft.windows.common-controls_6595b64144ccf1df_6.0.26100.8115_none_3e075c82e3354f9c;C:\Users\Advait\AppData\Local\Programs\Eclipse Adoptium\jdk-25.0.2.10-hotspot\bin\server;C:\Users\Advait\AppData\Roaming\Code\User\globalStorage\redhat.java\1.53.0\config_win\org.eclipse.equinox.launcher\org.eclipse.equinox.launcher.win32.win32.x86_64_1.3.0.v20260203-2149;C:\Users\Advait\AppData\Local\Temp\jna-1956858841

VM Arguments:
jvm_args: -Djdk.xml.maxGeneralEntitySizeLimit=0 -Djdk.xml.totalEntitySizeLimit=0 --add-modules=ALL-SYSTEM --add-opens=java.base/java.util=ALL-UNNAMED --add-opens=java.base/java.lang=ALL-UNNAMED --add-opens=java.base/sun.nio.fs=ALL-UNNAMED -Declipse.application=org.eclipse.jdt.ls.core.id1 -Dosgi.bundles.defaultStartLevel=4 -Declipse.product=org.eclipse.jdt.ls.core.product -Djava.import.generatesMetadataFilesAtProjectRoot=false -DDetectVMInstallationsJob.disabled=true -Dfile.encoding=utf8 -XX:+UseParallelGC -XX:GCTimeRatio=4 -XX:AdaptiveSizePolicyWeight=90 -Dsun.zip.disableMemoryMapping=true -Xmx2G -Xms100m -Xlog:disable -javaagent:c:\Users\Advait\.vscode\extensions\redhat.java-1.53.0\lombok\lombok-1.18.39-4050.jar -XX:+HeapDumpOnOutOfMemoryError -XX:HeapDumpPath=c:\Users\Advait\AppData\Roaming\Code\User\workspaceStorage\27f27fed1c968e9587fc0461fa21cf18\redhat.java -Daether.dependencyCollector.impl=bf 
java_command: c:\Users\Advait\.vscode\extensions\redhat.java-1.53.0\server\plugins\org.eclipse.equinox.launcher_1.7.100.v20251111-0406.jar -configuration c:\Users\Advait\AppData\Roaming\Code\User\globalStorage\redhat.java\1.53.0\config_win -data c:\Users\Advait\AppData\Roaming\Code\User\workspaceStorage\27f27fed1c968e9587fc0461fa21cf18\redhat.java\jdt_ws --pipe=\\.\pipe\lsp-501a2d8c8e034fa3fd560b499f4f075f-sock
java_class_path (initial): c:\Users\Advait\.vscode\extensions\redhat.java-1.53.0\server\plugins\org.eclipse.equinox.launcher_1.7.100.v20251111-0406.jar
Launcher Type: SUN_STANDARD

[Global flags]
     uint AdaptiveSizePolicyWeight                 = 90                                        {product} {command line}
     intx CICompilerCount                          = 15                                        {product} {ergonomic}
     uint GCTimeRatio                              = 4                                         {product} {command line}
     bool HeapDumpOnOutOfMemoryError               = true                                   {manageable} {command line}
    ccstr HeapDumpPath                             = c:\Users\Advait\AppData\Roaming\Code\User\workspaceStorage\27f27fed1c968e9587fc0461fa21cf18\redhat.java         {manageable} {command line}
   size_t InitialHeapSize                          = 104857600                                 {product} {command line}
   size_t MaxHeapSize                              = 2147483648                                {product} {command line}
   size_t MaxNewSize                               = 715653120                                 {product} {ergonomic}
   size_t MinHeapDeltaBytes                        = 524288                                    {product} {ergonomic}
   size_t MinHeapSize                              = 104857600                                 {product} {command line}
   size_t NewSize                                  = 34603008                                  {product} {ergonomic}
    uintx NonNMethodCodeHeapSize                   = 8192000                                {pd product} {ergonomic}
    uintx NonProfiledCodeHeapSize                  = 121765888                              {pd product} {ergonomic}
    uintx ProfiledCodeHeapSize                     = 121700352                              {pd product} {ergonomic}
    uintx ReservedCodeCacheSize                    = 251658240                              {pd product} {ergonomic}
     bool SegmentedCodeCache                       = true                                      {product} {ergonomic}
   size_t SoftMaxHeapSize                          = 2147483648                             {manageable} {ergonomic}
     bool UseCompressedOops                        = true                           {product lp64_product} {ergonomic}
     bool UseLargePagesIndividualAllocation        = false                                  {pd product} {ergonomic}
     bool UseParallelGC                            = true                                      {product} {command line}

Logging:
Log output configuration:
 #0: stdout all=off uptime,level,tags foldmultilines=false
 #1: stderr all=off uptime,level,tags foldmultilines=false

Release file:
IMPLEMENTOR="Eclipse Adoptium" 
IMPLEMENTOR_VERSION="Temurin-25.0.2+10" 
JAVA_RUNTIME_VERSION="25.0.2+10-LTS" 
JAVA_VERSION="25.0.2" 
JAVA_VERSION_DATE="2026-01-20" 
LIBC="default" 
MODULES="java.base java.compiler java.datatransfer java.xml java.prefs java.desktop java.instrument java.logging java.management java.security.sasl java.naming java.rmi java.management.rmi java.net.http java.scripting java.security.jgss java.transaction.xa java.sql java.sql.rowset java.xml.crypto java.se java.smartcardio jdk.accessibility jdk.internal.jvmstat jdk.attach jdk.charsets jdk.internal.opt jdk.zipfs jdk.compiler jdk.crypto.cryptoki jdk.crypto.ec jdk.crypto.mscapi jdk.dynalink jdk.internal.ed jdk.editpad jdk.internal.vm.ci jdk.graal.compiler jdk.graal.compiler.management jdk.hotspot.agent jdk.httpserver jdk.incubator.vector jdk.internal.le jdk.internal.md jdk.jartool jdk.javadoc jdk.jcmd jdk.management jdk.management.agent jdk.jconsole jdk.jdeps jdk.jdwp.agent jdk.jdi jdk.jfr jdk.jlink jdk.jpackage jdk.jshell jdk.jsobject jdk.jstatd jdk.localedata jdk.management.jfr jdk.naming.dns jdk.naming.rmi jdk.net jdk.nio.mapmode jdk.sctp jdk.security.auth jdk.security.jgss jdk.unsupported jdk.unsupported.desktop jdk.xml.dom" 
OS_ARCH="x86_64" 
OS_NAME="Windows" 
SOURCE=".:git:9e3c947043a4" 
BUILD_SOURCE="git:458965074606f027bd5afce2cfd5c1055dea0438"
BUILD_SOURCE_REPO="https://github.com/adoptium/temurin-build.git"
SOURCE_REPO="https://github.com/adoptium/jdk25u.git"
FULL_VERSION="25.0.2+10-LTS"
SEMANTIC_VERSION="25.0.2+10"
BUILD_INFO="OS: Windows Server 2022 Version: 10.0"
JVM_VARIANT="Hotspot"
JVM_VERSION="25.0.2+10-LTS"
IMAGE_TYPE="JDK"

Environment Variables:
PATH=C:\Users\Advait\AppData\Local\Programs\Microsoft VS Code;C:\Windows\system32;C:\Windows;C:\Windows\System32\Wbem;C:\Windows\System32\WindowsPowerShell\v1.0\;C:\Windows\System32\OpenSSH\;C:\Program Files (x86)\NVIDIA Corporation\PhysX\Common;C:\WINDOWS\system32;C:\WINDOWS;C:\WINDOWS\System32\Wbem;C:\WINDOWS\System32\WindowsPowerShell\v1.0\;C:\WINDOWS\System32\OpenSSH\;C:\Program Files\Git\cmd;C:\Program Files\NVIDIA Corporation\NVIDIA App\NvDLISR;C:\Program Files\dotnet\;C:\Program Files\nodejs\;C:\flutter\flutter\bin;C:\Users\Advait\AppData\Local\Programs\Eclipse Adoptium\jdk-25.0.2.10-hotspot\bin;C:\Users\Advait\AppData\Local\Programs\Python\Python314\Scripts\;C:\Users\Advait\AppData\Local\Programs\Python\Python314\;C:\Users\Advait\AppData\Local\Programs\Python\Launcher\;C:\Users\Advait\AppData\Local\Microsoft\WindowsApps;C:\Users\Advait\AppData\Local\Programs\Microsoft VS Code\bin;C:\Users\Advait\AppData\Roaming\npm;C:\Users\Advait\AppData\Local\Microsoft\WinGet\Packages\Google.DartSDK_Microsoft.Winget.Source_8wekyb3d8bbwe\dart-sdk\bin;C:\Users\Advait\AppData\Local\Microsoft\WinGet\Packages\pingbird.Puro_Microsoft.Winget.Source_8wekyb3d8bbwe;C:\Program Files\PostgreSQL\18\bin;C:\Users\Advait\.puro\envs\stable\flutter\bin;C:\flutter\flutter\bin;
USERNAME=Advait
OS=Windows_NT
PROCESSOR_IDENTIFIER=Intel64 Family 6 Model 183 Stepping 1, GenuineIntel
TMP=C:\Users\Advait\AppData\Local\Temp
TEMP=C:\Users\Advait\AppData\Local\Temp




Compilation memory statistics disabled.

Periodic native trim disabled

---------------  S Y S T E M  ---------------

OS:
 Windows 11 , 64 bit Build 26100 (10.0.26100.8115)
OS uptime: 0 days 11:17 hours

CPU: total 32 (initial active 32) (32 cores per cpu, 1 threads per core) family 6 model 183 stepping 1 microcode 0x127, cx8, cmov, fxsr, mmx, 3dnowpref, sse, sse2, sse3, ssse3, sse4.1, sse4.2, popcnt, lzcnt, tsc, tscinvbit, avx, avx2, aes, erms, clmul, bmi1, bmi2, adx, sha, fma, vzeroupper, clflush, clflushopt, clwb, serialize, rdtscp, rdpid, fsrm, gfni, f16c, pku, cet_ibt, cet_ss
Processor Information for processor 0
  Max Mhz: 2200, Current Mhz: 2200, Mhz Limit: 2200
Processor Information for processor 1
  Max Mhz: 2200, Current Mhz: 2200, Mhz Limit: 2200
Processor Information for processor 2
  Max Mhz: 2200, Current Mhz: 2200, Mhz Limit: 2200
Processor Information for processor 3
  Max Mhz: 2200, Current Mhz: 2200, Mhz Limit: 2200
Processor Information for processor 4
  Max Mhz: 2200, Current Mhz: 2200, Mhz Limit: 2200
Processor Information for processor 5
  Max Mhz: 2200, Current Mhz: 2200, Mhz Limit: 2200
Processor Information for processor 6
  Max Mhz: 2200, Current Mhz: 2200, Mhz Limit: 2200
Processor Information for processor 7
  Max Mhz: 2200, Current Mhz: 2200, Mhz Limit: 2200
Processor Information for processor 8
  Max Mhz: 2200, Current Mhz: 2200, Mhz Limit: 2200
Processor Information for processor 9
  Max Mhz: 2200, Current Mhz: 2200, Mhz Limit: 2200
Processor Information for processor 10
  Max Mhz: 2200, Current Mhz: 2200, Mhz Limit: 2200
Processor Information for processor 11
  Max Mhz: 2200, Current Mhz: 2200, Mhz Limit: 2200
Processor Information for processor 12
  Max Mhz: 2200, Current Mhz: 2200, Mhz Limit: 2200
Processor Information for processor 13
  Max Mhz: 2200, Current Mhz: 2200, Mhz Limit: 2200
Processor Information for processor 14
  Max Mhz: 2200, Current Mhz: 2200, Mhz Limit: 2200
Processor Information for processor 15
  Max Mhz: 2200, Current Mhz: 2200, Mhz Limit: 2200
Processor Information for processor 16
  Max Mhz: 2200, Current Mhz: 2200, Mhz Limit: 2200
Processor Information for processor 17
  Max Mhz: 2200, Current Mhz: 2200, Mhz Limit: 2200
Processor Information for processor 18
  Max Mhz: 2200, Current Mhz: 1512, Mhz Limit: 2200
Processor Information for processor 19
  Max Mhz: 2200, Current Mhz: 2200, Mhz Limit: 2200
Processor Information for processor 20
  Max Mhz: 2200, Current Mhz: 2200, Mhz Limit: 2200
Processor Information for processor 21
  Max Mhz: 2200, Current Mhz: 1512, Mhz Limit: 2200
Processor Information for processor 22
  Max Mhz: 2200, Current Mhz: 1512, Mhz Limit: 2200
Processor Information for processor 23
  Max Mhz: 2200, Current Mhz: 2200, Mhz Limit: 2200
Processor Information for processor 24
  Max Mhz: 2200, Current Mhz: 1512, Mhz Limit: 2200
Processor Information for processor 25
  Max Mhz: 2200, Current Mhz: 1512, Mhz Limit: 2200
Processor Information for processor 26
  Max Mhz: 2200, Current Mhz: 1512, Mhz Limit: 2200
Processor Information for processor 27
  Max Mhz: 2200, Current Mhz: 2200, Mhz Limit: 2200
Processor Information for processor 28
  Max Mhz: 2200, Current Mhz: 1512, Mhz Limit: 2200
Processor Information for processor 29
  Max Mhz: 2200, Current Mhz: 2200, Mhz Limit: 2200
Processor Information for processor 30
  Max Mhz: 2200, Current Mhz: 2200, Mhz Limit: 2200
Processor Information for processor 31
  Max Mhz: 2200, Current Mhz: 1512, Mhz Limit: 2200

Memory: 4k page, system-wide physical 32476M (16356M free)
TotalPageFile size 34524M (AvailPageFile size 15367M)
current process WorkingSet (physical memory assigned to process): 1275M, peak: 1275M
current process commit charge ("private bytes"): 1240M, peak: 1240M

vm_info: OpenJDK 64-Bit Server VM (25.0.2+10-LTS) for windows-amd64 JRE (25.0.2+10-LTS), built on 2026-01-20T00:00:00Z with MS VC++ 17.12 (VS2022)

END.
